[21:25:47] [Server thread/INFO]: Loading properties
[21:25:47] [Server thread/INFO]: Default game type: CREATIVE
[21:25:47] [Server thread/INFO]: This server is running CraftBukkit version git-Spigot-4bd94dc-fb414fe (MC: 1.12.2) (Implementing API version 1.12.2-R0.1-SNAPSHOT)
[21:25:47] [Server thread/INFO]: Debug logging is disabled
[21:25:47] [Server thread/INFO]: Using 4 threads for Netty based IO
[21:25:47] [Server thread/INFO]: Server Ping Player Sample Count: 12
[21:25:47] [Server thread/INFO]: Generating keypair
[21:25:47] [Server thread/INFO]: Starting Minecraft server on *:25565
[21:25:47] [Server thread/INFO]: Using default channel type
[21:25:48] [Server thread/INFO]: Set PluginClassLoader as parallel capable
[21:25:48] [Server thread/INFO]: [WorldEdit] Loading WorldEdit v6.1.9;caf0ad9
[21:25:48] [Server thread/INFO]: [RaspberryJuice] Loading RaspberryJuice v1.11
[21:25:48] [Server thread/WARN]: **** SERVER IS RUNNING IN OFFLINE/INSECURE MODE!
[21:25:48] [Server thread/WARN]: The server will make no attempt to authenticate usernames. Beware.
[21:25:48] [Server thread/WARN]: While this makes the game possible to play without internet access, it also opens up the ability for hackers to connect with any username they choose.
[21:25:48] [Server thread/WARN]: To change this, set "online-mode" to "true" in the server.properties file.
[21:25:48] [Server thread/INFO]: **** Beginning UUID conversion, this may take A LONG time ****
[21:25:48] [Server thread/INFO]: Preparing level "world"
[21:25:48] [Server thread/INFO]: -------- World Settings For [world] --------
[21:25:48] [Server thread/INFO]: Item Despawn Rate: 6000
[21:25:48] [Server thread/INFO]: Item Merge Radius: 2.5
[21:25:48] [Server thread/INFO]: Zombie Aggressive Towards Villager: true
[21:25:48] [Server thread/INFO]: Arrow Despawn Rate: 1200
[21:25:48] [Server thread/INFO]: Allow Zombie Pigmen to spawn from portal blocks: true
[21:25:48] [Server thread/INFO]: View Distance: 10
[21:25:48] [Server thread/INFO]: Experience Merge Radius: 3.0
[21:25:48] [Server thread/INFO]: Nerfing mobs spawned from spawners: false
[21:25:48] [Server thread/INFO]: Mob Spawn Range: 4
[21:25:48] [Server thread/INFO]: Cactus Growth Modifier: 100%
[21:25:48] [Server thread/INFO]: Cane Growth Modifier: 100%
[21:25:48] [Server thread/INFO]: Melon Growth Modifier: 100%
[21:25:48] [Server thread/INFO]: Mushroom Growth Modifier: 100%
[21:25:48] [Server thread/INFO]: Pumpkin Growth Modifier: 100%
[21:25:48] [Server thread/INFO]: Sapling Growth Modifier: 100%
[21:25:48] [Server thread/INFO]: Wheat Growth Modifier: 100%
[21:25:48] [Server thread/INFO]: NetherWart Growth Modifier: 100%
[21:25:48] [Server thread/INFO]: Vine Growth Modifier: 100%
[21:25:48] [Server thread/INFO]: Cocoa Growth Modifier: 100%
[21:25:48] [Server thread/INFO]: Tile Max Tick Time: 50ms Entity max Tick Time: 50ms
[21:25:48] [Server thread/INFO]: Custom Map Seeds:  Village: 10387312 Feature: 14357617 Monument: 10387313 Slime: 987234911
[21:25:48] [Server thread/INFO]: Random Lighting Updates: false
[21:25:48] [Server thread/INFO]: Entity Tracking Range: Pl 48 / An 48 / Mo 48 / Mi 32 / Other 64
[21:25:48] [Server thread/INFO]: Max TNT Explosions: 100
[21:25:48] [Server thread/INFO]: Structure Info Saving: true
[21:25:48] [Server thread/INFO]: Entity Activation Range: An 32 / Mo 32 / Mi 16
[21:25:48] [Server thread/INFO]: Hopper Transfer: 8 Hopper Check: 1 Hopper Amount: 1
[21:25:51] [Server thread/INFO]: -------- World Settings For [world_nether] --------
[21:25:51] [Server thread/INFO]: Item Despawn Rate: 6000
[21:25:51] [Server thread/INFO]: Item Merge Radius: 2.5
[21:25:51] [Server thread/INFO]: Zombie Aggressive Towards Villager: true
[21:25:51] [Server thread/INFO]: Arrow Despawn Rate: 1200
[21:25:51] [Server thread/INFO]: Allow Zombie Pigmen to spawn from portal blocks: true
[21:25:51] [Server thread/INFO]: View Distance: 10
[21:25:51] [Server thread/INFO]: Experience Merge Radius: 3.0
[21:25:51] [Server thread/INFO]: Nerfing mobs spawned from spawners: false
[21:25:51] [Server thread/INFO]: Mob Spawn Range: 4
[21:25:51] [Server thread/INFO]: Cactus Growth Modifier: 100%
[21:25:51] [Server thread/INFO]: Cane Growth Modifier: 100%
[21:25:51] [Server thread/INFO]: Melon Growth Modifier: 100%
[21:25:51] [Server thread/INFO]: Mushroom Growth Modifier: 100%
[21:25:51] [Server thread/INFO]: Pumpkin Growth Modifier: 100%
[21:25:51] [Server thread/INFO]: Sapling Growth Modifier: 100%
[21:25:51] [Server thread/INFO]: Wheat Growth Modifier: 100%
[21:25:51] [Server thread/INFO]: NetherWart Growth Modifier: 100%
[21:25:51] [Server thread/INFO]: Vine Growth Modifier: 100%
[21:25:51] [Server thread/INFO]: Cocoa Growth Modifier: 100%
[21:25:51] [Server thread/INFO]: Tile Max Tick Time: 50ms Entity max Tick Time: 50ms
[21:25:51] [Server thread/INFO]: Custom Map Seeds:  Village: 10387312 Feature: 14357617 Monument: 10387313 Slime: 987234911
[21:25:51] [Server thread/INFO]: Random Lighting Updates: false
[21:25:51] [Server thread/INFO]: Entity Tracking Range: Pl 48 / An 48 / Mo 48 / Mi 32 / Other 64
[21:25:51] [Server thread/INFO]: Max TNT Explosions: 100
[21:25:51] [Server thread/INFO]: Structure Info Saving: true
[21:25:51] [Server thread/INFO]: Entity Activation Range: An 32 / Mo 32 / Mi 16
[21:25:51] [Server thread/INFO]: Hopper Transfer: 8 Hopper Check: 1 Hopper Amount: 1
[21:25:52] [Server thread/INFO]: -------- World Settings For [world_the_end] --------
[21:25:52] [Server thread/INFO]: Item Despawn Rate: 6000
[21:25:52] [Server thread/INFO]: Item Merge Radius: 2.5
[21:25:52] [Server thread/INFO]: Zombie Aggressive Towards Villager: true
[21:25:52] [Server thread/INFO]: Arrow Despawn Rate: 1200
[21:25:52] [Server thread/INFO]: Allow Zombie Pigmen to spawn from portal blocks: true
[21:25:52] [Server thread/INFO]: View Distance: 10
[21:25:52] [Server thread/INFO]: Experience Merge Radius: 3.0
[21:25:52] [Server thread/INFO]: Nerfing mobs spawned from spawners: false
[21:25:52] [Server thread/INFO]: Mob Spawn Range: 4
[21:25:52] [Server thread/INFO]: Cactus Growth Modifier: 100%
[21:25:52] [Server thread/INFO]: Cane Growth Modifier: 100%
[21:25:52] [Server thread/INFO]: Melon Growth Modifier: 100%
[21:25:52] [Server thread/INFO]: Mushroom Growth Modifier: 100%
[21:25:52] [Server thread/INFO]: Pumpkin Growth Modifier: 100%
[21:25:52] [Server thread/INFO]: Sapling Growth Modifier: 100%
[21:25:52] [Server thread/INFO]: Wheat Growth Modifier: 100%
[21:25:52] [Server thread/INFO]: NetherWart Growth Modifier: 100%
[21:25:52] [Server thread/INFO]: Vine Growth Modifier: 100%
[21:25:52] [Server thread/INFO]: Cocoa Growth Modifier: 100%
[21:25:52] [Server thread/INFO]: Tile Max Tick Time: 50ms Entity max Tick Time: 50ms
[21:25:52] [Server thread/INFO]: Custom Map Seeds:  Village: 10387312 Feature: 14357617 Monument: 10387313 Slime: 987234911
[21:25:52] [Server thread/INFO]: Random Lighting Updates: false
[21:25:52] [Server thread/INFO]: Entity Tracking Range: Pl 48 / An 48 / Mo 48 / Mi 32 / Other 64
[21:25:52] [Server thread/INFO]: Max TNT Explosions: 100
[21:25:52] [Server thread/INFO]: Structure Info Saving: true
[21:25:52] [Server thread/INFO]: Entity Activation Range: An 32 / Mo 32 / Mi 16
[21:25:52] [Server thread/INFO]: Hopper Transfer: 8 Hopper Check: 1 Hopper Amount: 1
[21:25:52] [Server thread/INFO]: Preparing start region for level 0 (Seed: -6986465680748639472)
[21:25:53] [Server thread/INFO]: Preparing spawn area: 0%
[21:25:54] [Server thread/INFO]: Preparing spawn area: 5%
[21:25:56] [Server thread/INFO]: Preparing spawn area: 39%
[21:25:57] [Server thread/INFO]: Preparing spawn area: 69%
[21:25:57] [Server thread/INFO]: Preparing start region for level 1 (Seed: -6986465680748639472)
[21:25:58] [Server thread/INFO]: Preparing spawn area: 20%
[21:25:59] [Server thread/INFO]: Preparing spawn area: 63%
[21:26:00] [Server thread/INFO]: Preparing start region for level 2 (Seed: -6986465680748639472)
[21:26:01] [Server thread/INFO]: [WorldEdit] Enabling WorldEdit v6.1.9;caf0ad9
[21:26:02] [Server thread/INFO]: WEPIF: Using the Bukkit Permissions API.
[21:26:02] [Server thread/INFO]: [WorldEdit] Using com.sk89q.worldedit.bukkit.adapter.impl.Spigot_v1_12_R2 as the Bukkit adapter
[21:26:02] [Server thread/INFO]: [RaspberryJuice] Enabling RaspberryJuice v1.11
[21:26:02] [Server thread/INFO]: [RaspberryJuice] Using port 4711
[21:26:02] [Server thread/INFO]: [RaspberryJuice] Using RELATIVE locations
[21:26:02] [Server thread/INFO]: [RaspberryJuice] Using RIGHT clicks for hits
[21:26:02] [Server thread/INFO]: [RaspberryJuice] ThreadListener Started
[21:26:02] [Server thread/INFO]: Server permissions file permissions.yml is empty, ignoring it
[21:26:02] [Server thread/INFO]: Done (13.668s)! For help, type "help" or "?"
