#
# There is insufficient memory for the Java Runtime Environment to continue.
# Native memory allocation (malloc) failed to allocate 65552 bytes for Chunk::new
# Possible reasons:
#   The system is out of physical RAM or swap space
#   The process is running with CompressedOops enabled, and the Java Heap may be blocking the growth of the native heap
# Possible solutions:
#   Reduce memory load on the system
#   Increase physical memory or swap space
#   Check if swap backing store is full
#   Decrease Java heap size (-Xmx/-Xms)
#   Decrease number of Java threads
#   Decrease Java thread stack sizes (-Xss)
#   Set larger code cache with -XX:ReservedCodeCacheSize=
#   JVM is running with Unscaled Compressed Oops mode in which the Java heap is
#     placed in the first 4GB address space. The Java Heap base address is the
#     maximum limit for the native heap growth. Please use -XX:HeapBaseMinAddress
#     to set the Java Heap base and to place the Java Heap above 4GB virtual address.
# This output file may be truncated or incomplete.
#
#  Out of Memory Error (./src/hotspot/share/memory/arena.cpp:197), pid=3272, tid=4264
#
# JRE version: OpenJDK Runtime Environment Microsoft-40648 (11.0.16.1+1) (build 11.0.16.1+1-LTS)
# Java VM: OpenJDK 64-Bit Server VM Microsoft-40648 (11.0.16.1+1-LTS, mixed mode, tiered, compressed oops, g1 gc, windows-amd64)
# No core dump will be written. Minidumps are not enabled by default on client versions of Windows
#

---------------  S U M M A R Y ------------

Command Line: spigot-1.12.2.jar

Host: Intel(R) Celeron(R) G5905 CPU @ 3.50GHz, 2 cores, 3G,  Windows 10 , 64 bit Build 18362 (10.0.18362.329)
Time: Tue Feb 27 13:06:51 2024 SE Asia Standard Time elapsed time: 50.360102 seconds (0d 0h 0m 50s)

---------------  T H R E A D  ---------------

Current thread (0x0000022c6eb7e800):  JavaThread "C2 CompilerThread0" daemon [_thread_in_native, id=4264, stack(0x000000cb9f100000,0x000000cb9f200000)]


Current CompileTask:
C2:  50360 6217   !   4       net.minecraft.server.v1_12_R1.NBTTagCompound::getString (35 bytes)

Stack: [0x000000cb9f100000,0x000000cb9f200000]
Native frames: (J=compiled Java code, j=interpreted, Vv=VM code, C=native code)
V  [jvm.dll+0x62652a]
V  [jvm.dll+0x7b3249]
V  [jvm.dll+0x7b4938]
V  [jvm.dll+0x7b5013]
V  [jvm.dll+0x24fca8]
V  [jvm.dll+0xc262c]
V  [jvm.dll+0xc2bec]
V  [jvm.dll+0xc273b]
V  [jvm.dll+0x603fef]
V  [jvm.dll+0x639203]
V  [jvm.dll+0x638736]
V  [jvm.dll+0x18cdcc]
V  [jvm.dll+0x2c0b66]
V  [jvm.dll+0x643728]
V  [jvm.dll+0x63b4df]
V  [jvm.dll+0x63ab6b]
V  [jvm.dll+0x638a25]
V  [jvm.dll+0x18cdcc]
V  [jvm.dll+0x2c0b66]
V  [jvm.dll+0x643728]
V  [jvm.dll+0x63b4df]
V  [jvm.dll+0x63ab6b]
V  [jvm.dll+0x638a25]
V  [jvm.dll+0x18cdcc]
V  [jvm.dll+0x2c0b66]
V  [jvm.dll+0x643728]
V  [jvm.dll+0x63b4df]
V  [jvm.dll+0x63ab6b]
V  [jvm.dll+0x638a25]
V  [jvm.dll+0x18cdcc]
V  [jvm.dll+0x18d959]
V  [jvm.dll+0x2c0b66]
V  [jvm.dll+0x643728]
V  [jvm.dll+0x63b4df]
V  [jvm.dll+0x63ab6b]
V  [jvm.dll+0x638a25]
V  [jvm.dll+0x18cdcc]
V  [jvm.dll+0x207d88]
V  [jvm.dll+0x18a411]
V  [jvm.dll+0x217954]
V  [jvm.dll+0x215b9b]
V  [jvm.dll+0x775d50]
V  [jvm.dll+0x76ec84]
V  [jvm.dll+0x625395]
C  [ucrtbase.dll+0x20e72]
C  [KERNEL32.DLL+0x17bd4]
C  [ntdll.dll+0x6ced1]


---------------  P R O C E S S  ---------------

Threads class SMR info:
_java_thread_list=0x0000022c6f65c310, length=25, elements={
0x0000022c6eb1a800, 0x0000022c6eb25000, 0x0000022c6eb78000, 0x0000022c6eb7a000,
0x0000022c6eb7b800, 0x0000022c6eb7e800, 0x0000022c6eb9c800, 0x0000022c6ed06800,
0x0000022c6ee1e800, 0x0000022c70a96800, 0x0000022c712e8000, 0x0000022c712e7000,
0x0000022c7122e000, 0x0000022c507de000, 0x0000022c70c7d800, 0x0000022c6fa61000,
0x0000022c6fa62000, 0x0000022c71f11800, 0x0000022c6fb33800, 0x0000022c71c5f000,
0x0000022c72207800, 0x0000022c72205800, 0x0000022c72205000, 0x0000022c72206800,
0x0000022c72204000
}

Java Threads: ( => current thread )
  0x0000022c6eb1a800 JavaThread "Reference Handler" daemon [_thread_blocked, id=2724, stack(0x000000cb9ec00000,0x000000cb9ed00000)]
  0x0000022c6eb25000 JavaThread "Finalizer" daemon [_thread_blocked, id=5212, stack(0x000000cb9ed00000,0x000000cb9ee00000)]
  0x0000022c6eb78000 JavaThread "Signal Dispatcher" daemon [_thread_blocked, id=7532, stack(0x000000cb9ee00000,0x000000cb9ef00000)]
  0x0000022c6eb7a000 JavaThread "Attach Listener" daemon [_thread_blocked, id=1312, stack(0x000000cb9ef00000,0x000000cb9f000000)]
  0x0000022c6eb7b800 JavaThread "Service Thread" daemon [_thread_blocked, id=1348, stack(0x000000cb9f000000,0x000000cb9f100000)]
=>0x0000022c6eb7e800 JavaThread "C2 CompilerThread0" daemon [_thread_in_native, id=4264, stack(0x000000cb9f100000,0x000000cb9f200000)]
  0x0000022c6eb9c800 JavaThread "C1 CompilerThread0" daemon [_thread_in_native, id=2872, stack(0x000000cb9f200000,0x000000cb9f300000)]
  0x0000022c6ed06800 JavaThread "Sweeper thread" daemon [_thread_blocked, id=1824, stack(0x000000cb9f300000,0x000000cb9f400000)]
  0x0000022c6ee1e800 JavaThread "Common-Cleaner" daemon [_thread_blocked, id=7932, stack(0x000000cb9f500000,0x000000cb9f600000)]
  0x0000022c70a96800 JavaThread "Snooper Timer" daemon [_thread_blocked, id=3388, stack(0x000000cb9f800000,0x000000cb9f900000)]
  0x0000022c712e8000 JavaThread "NonBlockingInputStreamThread" daemon [_thread_blocked, id=8120, stack(0x000000cb9f900000,0x000000cb9fa00000)]
  0x0000022c712e7000 JavaThread "Server Infinisleeper" daemon [_thread_blocked, id=1104, stack(0x000000cb9fa00000,0x000000cb9fb00000)]
  0x0000022c7122e000 JavaThread "Server thread" [_thread_in_vm, id=3060, stack(0x000000cb9fb00000,0x000000cb9fc00000)]
  0x0000022c507de000 JavaThread "DestroyJavaVM" [_thread_blocked, id=3676, stack(0x000000cb9e500000,0x000000cb9e600000)]
  0x0000022c70c7d800 JavaThread "Thread-3" [_thread_blocked, id=8940, stack(0x000000cb9fc00000,0x000000cb9fd00000)]
  0x0000022c6fa61000 JavaThread "Server console handler" daemon [_thread_in_native, id=8984, stack(0x000000cb9fd00000,0x000000cb9fe00000)]
  0x0000022c6fa62000 JavaThread "Spigot Watchdog Thread" [_thread_blocked, id=4556, stack(0x000000cb9fe00000,0x000000cb9ff00000)]
  0x0000022c71f11800 JavaThread "Spigot Metrics Thread" daemon [_thread_blocked, id=3624, stack(0x000000cb9ff00000,0x000000cba0000000)]
  0x0000022c6fb33800 JavaThread "ObjectCleanerThread" daemon [_thread_blocked, id=8948, stack(0x000000cba0000000,0x000000cba0100000)]
  0x0000022c71c5f000 JavaThread "Netty Server IO #0" daemon [_thread_in_native, id=2904, stack(0x000000cba0100000,0x000000cba0200000)]
  0x0000022c72207800 JavaThread "Timer-0" [_thread_blocked, id=976, stack(0x000000cba0200000,0x000000cba0300000)]
  0x0000022c72205800 JavaThread "Thread-7" [_thread_in_native, id=4940, stack(0x000000cba0300000,0x000000cba0400000)]
  0x0000022c72205000 JavaThread "File IO Thread" [_thread_blocked, id=5584, stack(0x000000cba0400000,0x000000cba0500000)]
  0x0000022c72206800 JavaThread "Netty Server IO #1" daemon [_thread_in_vm, id=7732, stack(0x000000cba0700000,0x000000cba0800000)]
  0x0000022c72204000 JavaThread "Chunk I/O Executor Thread-1" daemon [_thread_in_native, id=8412, stack(0x000000cba0800000,0x000000cba0900000)]

Other Threads:
  0x0000022c6eaf6800 VMThread "VM Thread" [stack: 0x000000cb9eb00000,0x000000cb9ec00000] [id=4804]
  0x0000022c6ee15800 WatcherThread [stack: 0x000000cb9f400000,0x000000cb9f500000] [id=5692]
  0x0000022c52800000 GCTaskThread "GC Thread#0" [stack: 0x000000cb9e600000,0x000000cb9e700000] [id=7776]
  0x0000022c6f0ae800 GCTaskThread "GC Thread#1" [stack: 0x000000cb9f600000,0x000000cb9f700000] [id=9016]
  0x0000022c52819800 ConcurrentGCThread "G1 Main Marker" [stack: 0x000000cb9e700000,0x000000cb9e800000] [id=7848]
  0x0000022c5281c000 ConcurrentGCThread "G1 Conc#0" [stack: 0x000000cb9e800000,0x000000cb9e900000] [id=64]
  0x0000022c52861000 ConcurrentGCThread "G1 Refine#0" [stack: 0x000000cb9e900000,0x000000cb9ea00000] [id=8128]
  0x0000022c6ee9e800 ConcurrentGCThread "G1 Refine#1" [stack: 0x000000cb9f700000,0x000000cb9f800000] [id=5116]
  0x0000022c52862000 ConcurrentGCThread "G1 Young RemSet Sampling" [stack: 0x000000cb9ea00000,0x000000cb9eb00000] [id=112]

Threads with active compile tasks:
C2 CompilerThread0    50408 6217   !   4       net.minecraft.server.v1_12_R1.NBTTagCompound::getString (35 bytes)
C1 CompilerThread0    50408 6315       2       io.netty.buffer.AbstractByteBuf::writeLong (28 bytes)

VM state:not at safepoint (normal execution)

VM Mutex/Monitor currently owned by a thread: None

OutOfMemory and StackOverflow Exception counts:
OutOfMemoryError java_heap_errors=1
LinkageErrors=84

Heap address: 0x00000000c3600000, size: 970 MB, Compressed Oops mode: 32-bit
Narrow klass base: 0x0000000000000000, Narrow klass shift: 3
Compressed class space size: 1073741824 Address: 0x0000000100000000

Heap:
 garbage-first heap   total 319488K, used 134144K [0x00000000c3600000, 0x0000000100000000)
  region size 1024K, 10 young (10240K), 4 survivors (4096K)
 Metaspace       used 50048K, capacity 50667K, committed 50816K, reserved 1093632K
  class space    used 6215K, capacity 6418K, committed 6528K, reserved 1048576K
Heap Regions: E=young(eden), S=young(survivor), O=old, HS=humongous(starts), HC=humongous(continues), CS=collection set, F=free, A=archive, TAMS=top-at-mark-start (previous, next)
|   0|0x00000000c3600000, 0x00000000c3700000, 0x00000000c3700000|100%| O|  |TAMS 0x00000000c3700000, 0x00000000c3600000| Untracked 
|   1|0x00000000c3700000, 0x00000000c3800000, 0x00000000c3800000|100%| O|  |TAMS 0x00000000c3800000, 0x00000000c3700000| Untracked 
|   2|0x00000000c3800000, 0x00000000c3900000, 0x00000000c3900000|100%| O|  |TAMS 0x00000000c3900000, 0x00000000c3800000| Untracked 
|   3|0x00000000c3900000, 0x00000000c3a00000, 0x00000000c3a00000|100%|HS|  |TAMS 0x00000000c3a00000, 0x00000000c3900000| Complete 
|   4|0x00000000c3a00000, 0x00000000c3b00000, 0x00000000c3b00000|100%|HC|  |TAMS 0x00000000c3b00000, 0x00000000c3a00000| Complete 
|   5|0x00000000c3b00000, 0x00000000c3c00000, 0x00000000c3c00000|100%|HC|  |TAMS 0x00000000c3c00000, 0x00000000c3b00000| Complete 
|   6|0x00000000c3c00000, 0x00000000c3d00000, 0x00000000c3d00000|100%| O|  |TAMS 0x00000000c3d00000, 0x00000000c3c00000| Untracked 
|   7|0x00000000c3d00000, 0x00000000c3e00000, 0x00000000c3e00000|100%| O|  |TAMS 0x00000000c3e00000, 0x00000000c3d00000| Untracked 
|   8|0x00000000c3e00000, 0x00000000c3f00000, 0x00000000c3f00000|100%| O|  |TAMS 0x00000000c3f00000, 0x00000000c3e00000| Untracked 
|   9|0x00000000c3f00000, 0x00000000c4000000, 0x00000000c4000000|100%| O|  |TAMS 0x00000000c4000000, 0x00000000c3f00000| Untracked 
|  10|0x00000000c4000000, 0x00000000c4100000, 0x00000000c4100000|100%| O|  |TAMS 0x00000000c4100000, 0x00000000c4000000| Untracked 
|  11|0x00000000c4100000, 0x00000000c4200000, 0x00000000c4200000|100%| O|  |TAMS 0x00000000c4200000, 0x00000000c4100000| Untracked 
|  12|0x00000000c4200000, 0x00000000c4300000, 0x00000000c4300000|100%| O|  |TAMS 0x00000000c4300000, 0x00000000c4200000| Untracked 
|  13|0x00000000c4300000, 0x00000000c4400000, 0x00000000c4400000|100%| O|  |TAMS 0x00000000c4400000, 0x00000000c4300000| Untracked 
|  14|0x00000000c4400000, 0x00000000c4500000, 0x00000000c4500000|100%| O|  |TAMS 0x00000000c4500000, 0x00000000c4400000| Untracked 
|  15|0x00000000c4500000, 0x00000000c4600000, 0x00000000c4600000|100%| O|  |TAMS 0x00000000c4600000, 0x00000000c4500000| Untracked 
|  16|0x00000000c4600000, 0x00000000c4700000, 0x00000000c4700000|100%| O|  |TAMS 0x00000000c4700000, 0x00000000c4600000| Untracked 
|  17|0x00000000c4700000, 0x00000000c4800000, 0x00000000c4800000|100%| O|  |TAMS 0x00000000c4800000, 0x00000000c4700000| Untracked 
|  18|0x00000000c4800000, 0x00000000c4900000, 0x00000000c4900000|100%| O|  |TAMS 0x00000000c4900000, 0x00000000c4800000| Untracked 
|  19|0x00000000c4900000, 0x00000000c4a00000, 0x00000000c4a00000|100%| O|  |TAMS 0x00000000c4a00000, 0x00000000c4900000| Untracked 
|  20|0x00000000c4a00000, 0x00000000c4b00000, 0x00000000c4b00000|100%| O|  |TAMS 0x00000000c4b00000, 0x00000000c4a00000| Untracked 
|  21|0x00000000c4b00000, 0x00000000c4c00000, 0x00000000c4c00000|100%| O|  |TAMS 0x00000000c4c00000, 0x00000000c4b00000| Untracked 
|  22|0x00000000c4c00000, 0x00000000c4d00000, 0x00000000c4d00000|100%| O|  |TAMS 0x00000000c4d00000, 0x00000000c4c00000| Untracked 
|  23|0x00000000c4d00000, 0x00000000c4e00000, 0x00000000c4e00000|100%| O|  |TAMS 0x00000000c4e00000, 0x00000000c4d00000| Untracked 
|  24|0x00000000c4e00000, 0x00000000c4f00000, 0x00000000c4f00000|100%| O|  |TAMS 0x00000000c4f00000, 0x00000000c4e00000| Untracked 
|  25|0x00000000c4f00000, 0x00000000c5000000, 0x00000000c5000000|100%| O|  |TAMS 0x00000000c5000000, 0x00000000c4f00000| Untracked 
|  26|0x00000000c5000000, 0x00000000c5100000, 0x00000000c5100000|100%| O|  |TAMS 0x00000000c5100000, 0x00000000c5000000| Untracked 
|  27|0x00000000c5100000, 0x00000000c5200000, 0x00000000c5200000|100%| O|  |TAMS 0x00000000c5200000, 0x00000000c5100000| Untracked 
|  28|0x00000000c5200000, 0x00000000c5300000, 0x00000000c5300000|100%| O|  |TAMS 0x00000000c5300000, 0x00000000c5200000| Untracked 
|  29|0x00000000c5300000, 0x00000000c5400000, 0x00000000c5400000|100%| O|  |TAMS 0x00000000c5400000, 0x00000000c5300000| Untracked 
|  30|0x00000000c5400000, 0x00000000c5500000, 0x00000000c5500000|100%| O|  |TAMS 0x00000000c5500000, 0x00000000c5400000| Untracked 
|  31|0x00000000c5500000, 0x00000000c5600000, 0x00000000c5600000|100%| O|  |TAMS 0x00000000c5600000, 0x00000000c5500000| Untracked 
|  32|0x00000000c5600000, 0x00000000c5700000, 0x00000000c5700000|100%| O|  |TAMS 0x00000000c5700000, 0x00000000c5600000| Untracked 
|  33|0x00000000c5700000, 0x00000000c5800000, 0x00000000c5800000|100%| O|  |TAMS 0x00000000c5800000, 0x00000000c5700000| Untracked 
|  34|0x00000000c5800000, 0x00000000c5900000, 0x00000000c5900000|100%| O|  |TAMS 0x00000000c5900000, 0x00000000c5800000| Untracked 
|  35|0x00000000c5900000, 0x00000000c5a00000, 0x00000000c5a00000|100%| O|  |TAMS 0x00000000c5a00000, 0x00000000c5900000| Untracked 
|  36|0x00000000c5a00000, 0x00000000c5b00000, 0x00000000c5b00000|100%| O|  |TAMS 0x00000000c5b00000, 0x00000000c5a00000| Untracked 
|  37|0x00000000c5b00000, 0x00000000c5c00000, 0x00000000c5c00000|100%| O|  |TAMS 0x00000000c5c00000, 0x00000000c5b00000| Untracked 
|  38|0x00000000c5c00000, 0x00000000c5d00000, 0x00000000c5d00000|100%| O|  |TAMS 0x00000000c5d00000, 0x00000000c5c00000| Untracked 
|  39|0x00000000c5d00000, 0x00000000c5e00000, 0x00000000c5e00000|100%| O|  |TAMS 0x00000000c5e00000, 0x00000000c5d00000| Untracked 
|  40|0x00000000c5e00000, 0x00000000c5f00000, 0x00000000c5f00000|100%| O|  |TAMS 0x00000000c5f00000, 0x00000000c5e00000| Untracked 
|  41|0x00000000c5f00000, 0x00000000c6000000, 0x00000000c6000000|100%| O|  |TAMS 0x00000000c5f00000, 0x00000000c5f00000| Untracked 
|  42|0x00000000c6000000, 0x00000000c6100000, 0x00000000c6100000|100%| O|  |TAMS 0x00000000c6100000, 0x00000000c6000000| Untracked 
|  43|0x00000000c6100000, 0x00000000c6200000, 0x00000000c6200000|100%| O|  |TAMS 0x00000000c6200000, 0x00000000c6100000| Untracked 
|  44|0x00000000c6200000, 0x00000000c6300000, 0x00000000c6300000|100%| O|  |TAMS 0x00000000c6300000, 0x00000000c6200000| Untracked 
|  45|0x00000000c6300000, 0x00000000c6400000, 0x00000000c6400000|100%| O|  |TAMS 0x00000000c6400000, 0x00000000c6300000| Untracked 
|  46|0x00000000c6400000, 0x00000000c6500000, 0x00000000c6500000|100%| O|  |TAMS 0x00000000c6500000, 0x00000000c6400000| Untracked 
|  47|0x00000000c6500000, 0x00000000c6600000, 0x00000000c6600000|100%| O|  |TAMS 0x00000000c6600000, 0x00000000c6500000| Untracked 
|  48|0x00000000c6600000, 0x00000000c6700000, 0x00000000c6700000|100%| O|  |TAMS 0x00000000c6700000, 0x00000000c6600000| Untracked 
|  49|0x00000000c6700000, 0x00000000c6800000, 0x00000000c6800000|100%| O|  |TAMS 0x00000000c6800000, 0x00000000c6700000| Untracked 
|  50|0x00000000c6800000, 0x00000000c6900000, 0x00000000c6900000|100%| O|  |TAMS 0x00000000c6800000, 0x00000000c6800000| Untracked 
|  51|0x00000000c6900000, 0x00000000c6a00000, 0x00000000c6a00000|100%| O|  |TAMS 0x00000000c6a00000, 0x00000000c6900000| Untracked 
|  52|0x00000000c6a00000, 0x00000000c6b00000, 0x00000000c6b00000|100%| O|  |TAMS 0x00000000c6a00000, 0x00000000c6a00000| Untracked 
|  53|0x00000000c6b00000, 0x00000000c6c00000, 0x00000000c6c00000|100%| O|  |TAMS 0x00000000c6c00000, 0x00000000c6b00000| Untracked 
|  54|0x00000000c6c00000, 0x00000000c6d00000, 0x00000000c6d00000|100%| O|  |TAMS 0x00000000c6d00000, 0x00000000c6c00000| Untracked 
|  55|0x00000000c6d00000, 0x00000000c6e00000, 0x00000000c6e00000|100%| O|  |TAMS 0x00000000c6e00000, 0x00000000c6d00000| Untracked 
|  56|0x00000000c6e00000, 0x00000000c6f00000, 0x00000000c6f00000|100%| O|  |TAMS 0x00000000c6f00000, 0x00000000c6e00000| Untracked 
|  57|0x00000000c6f00000, 0x00000000c7000000, 0x00000000c7000000|100%| O|  |TAMS 0x00000000c7000000, 0x00000000c6f00000| Untracked 
|  58|0x00000000c7000000, 0x00000000c7100000, 0x00000000c7100000|100%| O|  |TAMS 0x00000000c7100000, 0x00000000c7000000| Untracked 
|  59|0x00000000c7100000, 0x00000000c7200000, 0x00000000c7200000|100%| O|  |TAMS 0x00000000c7200000, 0x00000000c7100000| Untracked 
|  60|0x00000000c7200000, 0x00000000c7300000, 0x00000000c7300000|100%| O|  |TAMS 0x00000000c7300000, 0x00000000c7200000| Untracked 
|  61|0x00000000c7300000, 0x00000000c7400000, 0x00000000c7400000|100%| O|  |TAMS 0x00000000c7400000, 0x00000000c7300000| Untracked 
|  62|0x00000000c7400000, 0x00000000c7500000, 0x00000000c7500000|100%| O|  |TAMS 0x00000000c7500000, 0x00000000c7400000| Untracked 
|  63|0x00000000c7500000, 0x00000000c7600000, 0x00000000c7600000|100%| O|  |TAMS 0x00000000c7500000, 0x00000000c7500000| Untracked 
|  64|0x00000000c7600000, 0x00000000c7700000, 0x00000000c7700000|100%| O|  |TAMS 0x00000000c7700000, 0x00000000c7600000| Untracked 
|  65|0x00000000c7700000, 0x00000000c7800000, 0x00000000c7800000|100%| O|  |TAMS 0x00000000c7800000, 0x00000000c7700000| Untracked 
|  66|0x00000000c7800000, 0x00000000c7900000, 0x00000000c7900000|100%| O|  |TAMS 0x00000000c7900000, 0x00000000c7800000| Untracked 
|  67|0x00000000c7900000, 0x00000000c7a00000, 0x00000000c7a00000|100%| O|  |TAMS 0x00000000c7a00000, 0x00000000c7900000| Untracked 
|  68|0x00000000c7a00000, 0x00000000c7b00000, 0x00000000c7b00000|100%| O|  |TAMS 0x00000000c7b00000, 0x00000000c7a00000| Untracked 
|  69|0x00000000c7b00000, 0x00000000c7c00000, 0x00000000c7c00000|100%| O|  |TAMS 0x00000000c7c00000, 0x00000000c7b00000| Untracked 
|  70|0x00000000c7c00000, 0x00000000c7d00000, 0x00000000c7d00000|100%| O|  |TAMS 0x00000000c7d00000, 0x00000000c7c00000| Untracked 
|  71|0x00000000c7d00000, 0x00000000c7e00000, 0x00000000c7e00000|100%| O|  |TAMS 0x00000000c7dd8a00, 0x00000000c7d00000| Untracked 
|  72|0x00000000c7e00000, 0x00000000c7f00000, 0x00000000c7f00000|100%| O|  |TAMS 0x00000000c7e00000, 0x00000000c7e00000| Untracked 
|  73|0x00000000c7f00000, 0x00000000c8000000, 0x00000000c8000000|100%| O|  |TAMS 0x00000000c7f00000, 0x00000000c7f00000| Untracked 
|  74|0x00000000c8000000, 0x00000000c8100000, 0x00000000c8100000|100%| O|  |TAMS 0x00000000c8000000, 0x00000000c8000000| Untracked 
|  75|0x00000000c8100000, 0x00000000c8200000, 0x00000000c8200000|100%| O|  |TAMS 0x00000000c8100000, 0x00000000c8100000| Untracked 
|  76|0x00000000c8200000, 0x00000000c8300000, 0x00000000c8300000|100%| O|  |TAMS 0x00000000c8200000, 0x00000000c8200000| Untracked 
|  77|0x00000000c8300000, 0x00000000c8400000, 0x00000000c8400000|100%| O|  |TAMS 0x00000000c8300000, 0x00000000c8300000| Untracked 
|  78|0x00000000c8400000, 0x00000000c8500000, 0x00000000c8500000|100%| O|  |TAMS 0x00000000c8400000, 0x00000000c8400000| Untracked 
|  79|0x00000000c8500000, 0x00000000c8600000, 0x00000000c8600000|100%| O|  |TAMS 0x00000000c8500000, 0x00000000c8500000| Untracked 
|  80|0x00000000c8600000, 0x00000000c8700000, 0x00000000c8700000|100%| O|  |TAMS 0x00000000c8600000, 0x00000000c8600000| Untracked 
|  81|0x00000000c8700000, 0x00000000c8800000, 0x00000000c8800000|100%| O|  |TAMS 0x00000000c8700000, 0x00000000c8700000| Untracked 
|  82|0x00000000c8800000, 0x00000000c8900000, 0x00000000c8900000|100%| O|  |TAMS 0x00000000c8800000, 0x00000000c8800000| Untracked 
|  83|0x00000000c8900000, 0x00000000c8a00000, 0x00000000c8a00000|100%| O|  |TAMS 0x00000000c8900000, 0x00000000c8900000| Untracked 
|  84|0x00000000c8a00000, 0x00000000c8b00000, 0x00000000c8b00000|100%| O|  |TAMS 0x00000000c8a00000, 0x00000000c8a00000| Untracked 
|  85|0x00000000c8b00000, 0x00000000c8c00000, 0x00000000c8c00000|100%| O|  |TAMS 0x00000000c8b00000, 0x00000000c8b00000| Untracked 
|  86|0x00000000c8c00000, 0x00000000c8d00000, 0x00000000c8d00000|100%| O|  |TAMS 0x00000000c8c00000, 0x00000000c8c00000| Untracked 
|  87|0x00000000c8d00000, 0x00000000c8e00000, 0x00000000c8e00000|100%| O|  |TAMS 0x00000000c8d00000, 0x00000000c8d00000| Untracked 
|  88|0x00000000c8e00000, 0x00000000c8f00000, 0x00000000c8f00000|100%| O|  |TAMS 0x00000000c8e00000, 0x00000000c8e00000| Untracked 
|  89|0x00000000c8f00000, 0x00000000c9000000, 0x00000000c9000000|100%| O|  |TAMS 0x00000000c8f00000, 0x00000000c8f00000| Untracked 
|  90|0x00000000c9000000, 0x00000000c9100000, 0x00000000c9100000|100%| O|  |TAMS 0x00000000c9000000, 0x00000000c9000000| Untracked 
|  91|0x00000000c9100000, 0x00000000c9200000, 0x00000000c9200000|100%| O|  |TAMS 0x00000000c9100000, 0x00000000c9100000| Untracked 
|  92|0x00000000c9200000, 0x00000000c9300000, 0x00000000c9300000|100%| O|  |TAMS 0x00000000c9200000, 0x00000000c9200000| Untracked 
|  93|0x00000000c9300000, 0x00000000c9400000, 0x00000000c9400000|100%| O|  |TAMS 0x00000000c9300000, 0x00000000c9300000| Untracked 
|  94|0x00000000c9400000, 0x00000000c9500000, 0x00000000c9500000|100%| O|  |TAMS 0x00000000c9400000, 0x00000000c9400000| Untracked 
|  95|0x00000000c9500000, 0x00000000c9600000, 0x00000000c9600000|100%| O|  |TAMS 0x00000000c9500000, 0x00000000c9500000| Untracked 
|  96|0x00000000c9600000, 0x00000000c9700000, 0x00000000c9700000|100%| O|  |TAMS 0x00000000c9600000, 0x00000000c9600000| Untracked 
|  97|0x00000000c9700000, 0x00000000c9800000, 0x00000000c9800000|100%| O|  |TAMS 0x00000000c9700000, 0x00000000c9700000| Untracked 
|  98|0x00000000c9800000, 0x00000000c9900000, 0x00000000c9900000|100%| O|  |TAMS 0x00000000c9800000, 0x00000000c9800000| Untracked 
|  99|0x00000000c9900000, 0x00000000c9a00000, 0x00000000c9a00000|100%| O|  |TAMS 0x00000000c9900000, 0x00000000c9900000| Untracked 
| 100|0x00000000c9a00000, 0x00000000c9b00000, 0x00000000c9b00000|100%| O|  |TAMS 0x00000000c9a00000, 0x00000000c9a00000| Untracked 
| 101|0x00000000c9b00000, 0x00000000c9c00000, 0x00000000c9c00000|100%| O|  |TAMS 0x00000000c9b00000, 0x00000000c9b00000| Untracked 
| 102|0x00000000c9c00000, 0x00000000c9d00000, 0x00000000c9d00000|100%| O|  |TAMS 0x00000000c9c00000, 0x00000000c9c00000| Untracked 
| 103|0x00000000c9d00000, 0x00000000c9e00000, 0x00000000c9e00000|100%| O|  |TAMS 0x00000000c9d00000, 0x00000000c9d00000| Untracked 
| 104|0x00000000c9e00000, 0x00000000c9f00000, 0x00000000c9f00000|100%| O|  |TAMS 0x00000000c9e00000, 0x00000000c9e00000| Untracked 
| 105|0x00000000c9f00000, 0x00000000ca000000, 0x00000000ca000000|100%| O|  |TAMS 0x00000000c9f00000, 0x00000000c9f00000| Untracked 
| 106|0x00000000ca000000, 0x00000000ca100000, 0x00000000ca100000|100%| O|  |TAMS 0x00000000ca000000, 0x00000000ca000000| Untracked 
| 107|0x00000000ca100000, 0x00000000ca200000, 0x00000000ca200000|100%| O|  |TAMS 0x00000000ca100000, 0x00000000ca100000| Untracked 
| 108|0x00000000ca200000, 0x00000000ca300000, 0x00000000ca300000|100%| O|  |TAMS 0x00000000ca200000, 0x00000000ca200000| Untracked 
| 109|0x00000000ca300000, 0x00000000ca400000, 0x00000000ca400000|100%| O|  |TAMS 0x00000000ca300000, 0x00000000ca300000| Untracked 
| 110|0x00000000ca400000, 0x00000000ca500000, 0x00000000ca500000|100%| O|  |TAMS 0x00000000ca400000, 0x00000000ca400000| Untracked 
| 111|0x00000000ca500000, 0x00000000ca600000, 0x00000000ca600000|100%| O|  |TAMS 0x00000000ca500000, 0x00000000ca500000| Untracked 
| 112|0x00000000ca600000, 0x00000000ca700000, 0x00000000ca700000|100%| O|  |TAMS 0x00000000ca600000, 0x00000000ca600000| Untracked 
| 113|0x00000000ca700000, 0x00000000ca800000, 0x00000000ca800000|100%| O|  |TAMS 0x00000000ca700000, 0x00000000ca700000| Untracked 
| 114|0x00000000ca800000, 0x00000000ca900000, 0x00000000ca900000|100%| O|  |TAMS 0x00000000ca800000, 0x00000000ca800000| Untracked 
| 115|0x00000000ca900000, 0x00000000caa00000, 0x00000000caa00000|100%| O|  |TAMS 0x00000000ca900000, 0x00000000ca900000| Untracked 
| 116|0x00000000caa00000, 0x00000000cab00000, 0x00000000cab00000|100%| O|  |TAMS 0x00000000caa00000, 0x00000000caa00000| Untracked 
| 117|0x00000000cab00000, 0x00000000cac00000, 0x00000000cac00000|100%| O|  |TAMS 0x00000000cab00000, 0x00000000cab00000| Untracked 
| 118|0x00000000cac00000, 0x00000000cad00000, 0x00000000cad00000|100%| O|  |TAMS 0x00000000cac00000, 0x00000000cac00000| Untracked 
| 119|0x00000000cad00000, 0x00000000cae00000, 0x00000000cae00000|100%| O|  |TAMS 0x00000000cad00000, 0x00000000cad00000| Untracked 
| 120|0x00000000cae00000, 0x00000000caf00000, 0x00000000caf00000|100%| O|  |TAMS 0x00000000cae00000, 0x00000000cae00000| Untracked 
| 121|0x00000000caf00000, 0x00000000cb000000, 0x00000000cb000000|100%| O|  |TAMS 0x00000000caf00000, 0x00000000caf00000| Untracked 
| 122|0x00000000cb000000, 0x00000000cb100000, 0x00000000cb100000|100%| O|  |TAMS 0x00000000cb000000, 0x00000000cb000000| Untracked 
| 123|0x00000000cb100000, 0x00000000cb100000, 0x00000000cb200000|  0%| F|  |TAMS 0x00000000cb100000, 0x00000000cb100000| Untracked 
| 124|0x00000000cb200000, 0x00000000cb200000, 0x00000000cb300000|  0%| F|  |TAMS 0x00000000cb200000, 0x00000000cb200000| Untracked 
| 125|0x00000000cb300000, 0x00000000cb300000, 0x00000000cb400000|  0%| F|  |TAMS 0x00000000cb300000, 0x00000000cb300000| Untracked 
| 126|0x00000000cb400000, 0x00000000cb400000, 0x00000000cb500000|  0%| F|  |TAMS 0x00000000cb400000, 0x00000000cb400000| Untracked 
| 127|0x00000000cb500000, 0x00000000cb500000, 0x00000000cb600000|  0%| F|  |TAMS 0x00000000cb500000, 0x00000000cb500000| Untracked 
| 128|0x00000000cb600000, 0x00000000cb600000, 0x00000000cb700000|  0%| F|  |TAMS 0x00000000cb600000, 0x00000000cb600000| Untracked 
| 129|0x00000000cb700000, 0x00000000cb700000, 0x00000000cb800000|  0%| F|  |TAMS 0x00000000cb700000, 0x00000000cb700000| Untracked 
| 130|0x00000000cb800000, 0x00000000cb800000, 0x00000000cb900000|  0%| F|  |TAMS 0x00000000cb800000, 0x00000000cb800000| Untracked 
| 131|0x00000000cb900000, 0x00000000cb900000, 0x00000000cba00000|  0%| F|  |TAMS 0x00000000cb900000, 0x00000000cb900000| Untracked 
| 132|0x00000000cba00000, 0x00000000cba00000, 0x00000000cbb00000|  0%| F|  |TAMS 0x00000000cba00000, 0x00000000cba00000| Untracked 
| 133|0x00000000cbb00000, 0x00000000cbb00000, 0x00000000cbc00000|  0%| F|  |TAMS 0x00000000cbb00000, 0x00000000cbb00000| Untracked 
| 134|0x00000000cbc00000, 0x00000000cbc00000, 0x00000000cbd00000|  0%| F|  |TAMS 0x00000000cbc00000, 0x00000000cbc00000| Untracked 
| 135|0x00000000cbd00000, 0x00000000cbd00000, 0x00000000cbe00000|  0%| F|  |TAMS 0x00000000cbd00000, 0x00000000cbd00000| Untracked 
| 136|0x00000000cbe00000, 0x00000000cbe00000, 0x00000000cbf00000|  0%| F|  |TAMS 0x00000000cbe00000, 0x00000000cbe00000| Untracked 
| 137|0x00000000cbf00000, 0x00000000cbf00000, 0x00000000cc000000|  0%| F|  |TAMS 0x00000000cbf00000, 0x00000000cbf00000| Untracked 
| 138|0x00000000cc000000, 0x00000000cc000000, 0x00000000cc100000|  0%| F|  |TAMS 0x00000000cc000000, 0x00000000cc000000| Untracked 
| 139|0x00000000cc100000, 0x00000000cc100000, 0x00000000cc200000|  0%| F|  |TAMS 0x00000000cc100000, 0x00000000cc100000| Untracked 
| 140|0x00000000cc200000, 0x00000000cc200000, 0x00000000cc300000|  0%| F|  |TAMS 0x00000000cc200000, 0x00000000cc200000| Untracked 
| 141|0x00000000cc300000, 0x00000000cc300000, 0x00000000cc400000|  0%| F|  |TAMS 0x00000000cc300000, 0x00000000cc300000| Untracked 
| 142|0x00000000cc400000, 0x00000000cc400000, 0x00000000cc500000|  0%| F|  |TAMS 0x00000000cc400000, 0x00000000cc400000| Untracked 
| 143|0x00000000cc500000, 0x00000000cc500000, 0x00000000cc600000|  0%| F|  |TAMS 0x00000000cc500000, 0x00000000cc500000| Untracked 
| 144|0x00000000cc600000, 0x00000000cc600000, 0x00000000cc700000|  0%| F|  |TAMS 0x00000000cc600000, 0x00000000cc600000| Untracked 
| 145|0x00000000cc700000, 0x00000000cc700000, 0x00000000cc800000|  0%| F|  |TAMS 0x00000000cc700000, 0x00000000cc700000| Untracked 
| 146|0x00000000cc800000, 0x00000000cc800000, 0x00000000cc900000|  0%| F|  |TAMS 0x00000000cc800000, 0x00000000cc800000| Untracked 
| 147|0x00000000cc900000, 0x00000000cc900000, 0x00000000cca00000|  0%| F|  |TAMS 0x00000000cc900000, 0x00000000cc900000| Untracked 
| 148|0x00000000cca00000, 0x00000000cca00000, 0x00000000ccb00000|  0%| F|  |TAMS 0x00000000cca00000, 0x00000000cca00000| Untracked 
| 149|0x00000000ccb00000, 0x00000000ccb00000, 0x00000000ccc00000|  0%| F|  |TAMS 0x00000000ccb00000, 0x00000000ccb00000| Untracked 
| 150|0x00000000ccc00000, 0x00000000ccc00000, 0x00000000ccd00000|  0%| F|  |TAMS 0x00000000ccc00000, 0x00000000ccc00000| Untracked 
| 151|0x00000000ccd00000, 0x00000000ccd00000, 0x00000000cce00000|  0%| F|  |TAMS 0x00000000ccd00000, 0x00000000ccd00000| Untracked 
| 152|0x00000000cce00000, 0x00000000cce00000, 0x00000000ccf00000|  0%| F|  |TAMS 0x00000000cce00000, 0x00000000cce00000| Untracked 
| 153|0x00000000ccf00000, 0x00000000ccf00000, 0x00000000cd000000|  0%| F|  |TAMS 0x00000000ccf00000, 0x00000000ccf00000| Untracked 
| 154|0x00000000cd000000, 0x00000000cd000000, 0x00000000cd100000|  0%| F|  |TAMS 0x00000000cd000000, 0x00000000cd000000| Untracked 
| 155|0x00000000cd100000, 0x00000000cd100000, 0x00000000cd200000|  0%| F|  |TAMS 0x00000000cd100000, 0x00000000cd100000| Untracked 
| 156|0x00000000cd200000, 0x00000000cd200000, 0x00000000cd300000|  0%| F|  |TAMS 0x00000000cd200000, 0x00000000cd200000| Untracked 
| 157|0x00000000cd300000, 0x00000000cd300000, 0x00000000cd400000|  0%| F|  |TAMS 0x00000000cd300000, 0x00000000cd300000| Untracked 
| 158|0x00000000cd400000, 0x00000000cd400000, 0x00000000cd500000|  0%| F|  |TAMS 0x00000000cd400000, 0x00000000cd400000| Untracked 
| 159|0x00000000cd500000, 0x00000000cd500000, 0x00000000cd600000|  0%| F|  |TAMS 0x00000000cd500000, 0x00000000cd500000| Untracked 
| 160|0x00000000cd600000, 0x00000000cd600000, 0x00000000cd700000|  0%| F|  |TAMS 0x00000000cd600000, 0x00000000cd600000| Untracked 
| 161|0x00000000cd700000, 0x00000000cd700000, 0x00000000cd800000|  0%| F|  |TAMS 0x00000000cd700000, 0x00000000cd700000| Untracked 
| 162|0x00000000cd800000, 0x00000000cd800000, 0x00000000cd900000|  0%| F|  |TAMS 0x00000000cd800000, 0x00000000cd800000| Untracked 
| 163|0x00000000cd900000, 0x00000000cd900000, 0x00000000cda00000|  0%| F|  |TAMS 0x00000000cd900000, 0x00000000cd900000| Untracked 
| 164|0x00000000cda00000, 0x00000000cda00000, 0x00000000cdb00000|  0%| F|  |TAMS 0x00000000cda00000, 0x00000000cda00000| Untracked 
| 165|0x00000000cdb00000, 0x00000000cdb00000, 0x00000000cdc00000|  0%| F|  |TAMS 0x00000000cdb00000, 0x00000000cdb00000| Untracked 
| 166|0x00000000cdc00000, 0x00000000cdc00000, 0x00000000cdd00000|  0%| F|  |TAMS 0x00000000cdc00000, 0x00000000cdc00000| Untracked 
| 167|0x00000000cdd00000, 0x00000000cdd00000, 0x00000000cde00000|  0%| F|  |TAMS 0x00000000cdd00000, 0x00000000cdd00000| Untracked 
| 168|0x00000000cde00000, 0x00000000cde00000, 0x00000000cdf00000|  0%| F|  |TAMS 0x00000000cde00000, 0x00000000cde00000| Untracked 
| 169|0x00000000cdf00000, 0x00000000cdf00000, 0x00000000ce000000|  0%| F|  |TAMS 0x00000000cdf00000, 0x00000000cdf00000| Untracked 
| 170|0x00000000ce000000, 0x00000000ce000000, 0x00000000ce100000|  0%| F|  |TAMS 0x00000000ce000000, 0x00000000ce000000| Untracked 
| 171|0x00000000ce100000, 0x00000000ce100000, 0x00000000ce200000|  0%| F|  |TAMS 0x00000000ce100000, 0x00000000ce100000| Untracked 
| 172|0x00000000ce200000, 0x00000000ce200000, 0x00000000ce300000|  0%| F|  |TAMS 0x00000000ce200000, 0x00000000ce200000| Untracked 
| 173|0x00000000ce300000, 0x00000000ce300000, 0x00000000ce400000|  0%| F|  |TAMS 0x00000000ce300000, 0x00000000ce300000| Untracked 
| 174|0x00000000ce400000, 0x00000000ce400000, 0x00000000ce500000|  0%| F|  |TAMS 0x00000000ce400000, 0x00000000ce400000| Untracked 
| 175|0x00000000ce500000, 0x00000000ce500000, 0x00000000ce600000|  0%| F|  |TAMS 0x00000000ce500000, 0x00000000ce500000| Untracked 
| 176|0x00000000ce600000, 0x00000000ce600000, 0x00000000ce700000|  0%| F|  |TAMS 0x00000000ce600000, 0x00000000ce600000| Untracked 
| 177|0x00000000ce700000, 0x00000000ce700000, 0x00000000ce800000|  0%| F|  |TAMS 0x00000000ce700000, 0x00000000ce700000| Untracked 
| 178|0x00000000ce800000, 0x00000000ce800000, 0x00000000ce900000|  0%| F|  |TAMS 0x00000000ce800000, 0x00000000ce800000| Untracked 
| 179|0x00000000ce900000, 0x00000000ce900000, 0x00000000cea00000|  0%| F|  |TAMS 0x00000000ce900000, 0x00000000ce900000| Untracked 
| 180|0x00000000cea00000, 0x00000000cea00000, 0x00000000ceb00000|  0%| F|  |TAMS 0x00000000cea00000, 0x00000000cea00000| Untracked 
| 181|0x00000000ceb00000, 0x00000000ceb00000, 0x00000000cec00000|  0%| F|  |TAMS 0x00000000ceb00000, 0x00000000ceb00000| Untracked 
| 182|0x00000000cec00000, 0x00000000cec00000, 0x00000000ced00000|  0%| F|  |TAMS 0x00000000cec00000, 0x00000000cec00000| Untracked 
| 183|0x00000000ced00000, 0x00000000ced00000, 0x00000000cee00000|  0%| F|  |TAMS 0x00000000ced00000, 0x00000000ced00000| Untracked 
| 184|0x00000000cee00000, 0x00000000cee00000, 0x00000000cef00000|  0%| F|  |TAMS 0x00000000cee00000, 0x00000000cee00000| Untracked 
| 185|0x00000000cef00000, 0x00000000cef00000, 0x00000000cf000000|  0%| F|  |TAMS 0x00000000cef00000, 0x00000000cef00000| Untracked 
| 186|0x00000000cf000000, 0x00000000cf000000, 0x00000000cf100000|  0%| F|  |TAMS 0x00000000cf000000, 0x00000000cf000000| Untracked 
| 187|0x00000000cf100000, 0x00000000cf100000, 0x00000000cf200000|  0%| F|  |TAMS 0x00000000cf100000, 0x00000000cf100000| Untracked 
| 188|0x00000000cf200000, 0x00000000cf200000, 0x00000000cf300000|  0%| F|  |TAMS 0x00000000cf200000, 0x00000000cf200000| Untracked 
| 189|0x00000000cf300000, 0x00000000cf300000, 0x00000000cf400000|  0%| F|  |TAMS 0x00000000cf300000, 0x00000000cf300000| Untracked 
| 190|0x00000000cf400000, 0x00000000cf400000, 0x00000000cf500000|  0%| F|  |TAMS 0x00000000cf400000, 0x00000000cf400000| Untracked 
| 191|0x00000000cf500000, 0x00000000cf500000, 0x00000000cf600000|  0%| F|  |TAMS 0x00000000cf500000, 0x00000000cf500000| Untracked 
| 192|0x00000000cf600000, 0x00000000cf600000, 0x00000000cf700000|  0%| F|  |TAMS 0x00000000cf600000, 0x00000000cf600000| Untracked 
| 193|0x00000000cf700000, 0x00000000cf700000, 0x00000000cf800000|  0%| F|  |TAMS 0x00000000cf700000, 0x00000000cf700000| Untracked 
| 194|0x00000000cf800000, 0x00000000cf800000, 0x00000000cf900000|  0%| F|  |TAMS 0x00000000cf800000, 0x00000000cf800000| Untracked 
| 195|0x00000000cf900000, 0x00000000cf900000, 0x00000000cfa00000|  0%| F|  |TAMS 0x00000000cf900000, 0x00000000cf900000| Untracked 
| 196|0x00000000cfa00000, 0x00000000cfa00000, 0x00000000cfb00000|  0%| F|  |TAMS 0x00000000cfa00000, 0x00000000cfa00000| Untracked 
| 197|0x00000000cfb00000, 0x00000000cfb00000, 0x00000000cfc00000|  0%| F|  |TAMS 0x00000000cfb00000, 0x00000000cfb00000| Untracked 
| 198|0x00000000cfc00000, 0x00000000cfc00000, 0x00000000cfd00000|  0%| F|  |TAMS 0x00000000cfc00000, 0x00000000cfc00000| Untracked 
| 199|0x00000000cfd00000, 0x00000000cfd00000, 0x00000000cfe00000|  0%| F|  |TAMS 0x00000000cfd00000, 0x00000000cfd00000| Untracked 
| 200|0x00000000cfe00000, 0x00000000cfe00000, 0x00000000cff00000|  0%| F|  |TAMS 0x00000000cfe00000, 0x00000000cfe00000| Untracked 
| 201|0x00000000cff00000, 0x00000000cff00000, 0x00000000d0000000|  0%| F|  |TAMS 0x00000000cff00000, 0x00000000cff00000| Untracked 
| 202|0x00000000d0000000, 0x00000000d0000000, 0x00000000d0100000|  0%| F|  |TAMS 0x00000000d0000000, 0x00000000d0000000| Untracked 
| 203|0x00000000d0100000, 0x00000000d0100000, 0x00000000d0200000|  0%| F|  |TAMS 0x00000000d0100000, 0x00000000d0100000| Untracked 
| 204|0x00000000d0200000, 0x00000000d0200000, 0x00000000d0300000|  0%| F|  |TAMS 0x00000000d0200000, 0x00000000d0200000| Untracked 
| 205|0x00000000d0300000, 0x00000000d0300000, 0x00000000d0400000|  0%| F|  |TAMS 0x00000000d0300000, 0x00000000d0300000| Untracked 
| 206|0x00000000d0400000, 0x00000000d0400000, 0x00000000d0500000|  0%| F|  |TAMS 0x00000000d0400000, 0x00000000d0400000| Untracked 
| 207|0x00000000d0500000, 0x00000000d0500000, 0x00000000d0600000|  0%| F|  |TAMS 0x00000000d0500000, 0x00000000d0500000| Untracked 
| 208|0x00000000d0600000, 0x00000000d0600000, 0x00000000d0700000|  0%| F|  |TAMS 0x00000000d0600000, 0x00000000d0600000| Untracked 
| 209|0x00000000d0700000, 0x00000000d0700000, 0x00000000d0800000|  0%| F|  |TAMS 0x00000000d0700000, 0x00000000d0700000| Untracked 
| 210|0x00000000d0800000, 0x00000000d0800000, 0x00000000d0900000|  0%| F|  |TAMS 0x00000000d0800000, 0x00000000d0800000| Untracked 
| 211|0x00000000d0900000, 0x00000000d0900000, 0x00000000d0a00000|  0%| F|  |TAMS 0x00000000d0900000, 0x00000000d0900000| Untracked 
| 212|0x00000000d0a00000, 0x00000000d0a00000, 0x00000000d0b00000|  0%| F|  |TAMS 0x00000000d0a00000, 0x00000000d0a00000| Untracked 
| 213|0x00000000d0b00000, 0x00000000d0b00000, 0x00000000d0c00000|  0%| F|  |TAMS 0x00000000d0b00000, 0x00000000d0b00000| Untracked 
| 214|0x00000000d0c00000, 0x00000000d0c00000, 0x00000000d0d00000|  0%| F|  |TAMS 0x00000000d0c00000, 0x00000000d0c00000| Untracked 
| 215|0x00000000d0d00000, 0x00000000d0d00000, 0x00000000d0e00000|  0%| F|  |TAMS 0x00000000d0d00000, 0x00000000d0d00000| Untracked 
| 216|0x00000000d0e00000, 0x00000000d0e00000, 0x00000000d0f00000|  0%| F|  |TAMS 0x00000000d0e00000, 0x00000000d0e00000| Untracked 
| 217|0x00000000d0f00000, 0x00000000d0f00000, 0x00000000d1000000|  0%| F|  |TAMS 0x00000000d0f00000, 0x00000000d0f00000| Untracked 
| 218|0x00000000d1000000, 0x00000000d1000000, 0x00000000d1100000|  0%| F|  |TAMS 0x00000000d1000000, 0x00000000d1000000| Untracked 
| 219|0x00000000d1100000, 0x00000000d1100000, 0x00000000d1200000|  0%| F|  |TAMS 0x00000000d1100000, 0x00000000d1100000| Untracked 
| 220|0x00000000d1200000, 0x00000000d1200000, 0x00000000d1300000|  0%| F|  |TAMS 0x00000000d1200000, 0x00000000d1200000| Untracked 
| 221|0x00000000d1300000, 0x00000000d1300000, 0x00000000d1400000|  0%| F|  |TAMS 0x00000000d1300000, 0x00000000d1300000| Untracked 
| 222|0x00000000d1400000, 0x00000000d1400000, 0x00000000d1500000|  0%| F|  |TAMS 0x00000000d1400000, 0x00000000d1400000| Untracked 
| 223|0x00000000d1500000, 0x00000000d1500000, 0x00000000d1600000|  0%| F|  |TAMS 0x00000000d1500000, 0x00000000d1500000| Untracked 
| 224|0x00000000d1600000, 0x00000000d1600000, 0x00000000d1700000|  0%| F|  |TAMS 0x00000000d1600000, 0x00000000d1600000| Untracked 
| 225|0x00000000d1700000, 0x00000000d1700000, 0x00000000d1800000|  0%| F|  |TAMS 0x00000000d1700000, 0x00000000d1700000| Untracked 
| 226|0x00000000d1800000, 0x00000000d1800000, 0x00000000d1900000|  0%| F|  |TAMS 0x00000000d1800000, 0x00000000d1800000| Untracked 
| 227|0x00000000d1900000, 0x00000000d1900000, 0x00000000d1a00000|  0%| F|  |TAMS 0x00000000d1900000, 0x00000000d1900000| Untracked 
| 228|0x00000000d1a00000, 0x00000000d1a00000, 0x00000000d1b00000|  0%| F|  |TAMS 0x00000000d1a00000, 0x00000000d1a00000| Untracked 
| 229|0x00000000d1b00000, 0x00000000d1b00000, 0x00000000d1c00000|  0%| F|  |TAMS 0x00000000d1b00000, 0x00000000d1b00000| Untracked 
| 230|0x00000000d1c00000, 0x00000000d1c00000, 0x00000000d1d00000|  0%| F|  |TAMS 0x00000000d1c00000, 0x00000000d1c00000| Untracked 
| 231|0x00000000d1d00000, 0x00000000d1d00000, 0x00000000d1e00000|  0%| F|  |TAMS 0x00000000d1d00000, 0x00000000d1d00000| Untracked 
| 232|0x00000000d1e00000, 0x00000000d1e00000, 0x00000000d1f00000|  0%| F|  |TAMS 0x00000000d1e00000, 0x00000000d1e00000| Untracked 
| 233|0x00000000d1f00000, 0x00000000d1f00000, 0x00000000d2000000|  0%| F|  |TAMS 0x00000000d1f00000, 0x00000000d1f00000| Untracked 
| 234|0x00000000d2000000, 0x00000000d2000000, 0x00000000d2100000|  0%| F|  |TAMS 0x00000000d2000000, 0x00000000d2000000| Untracked 
| 235|0x00000000d2100000, 0x00000000d2100000, 0x00000000d2200000|  0%| F|  |TAMS 0x00000000d2100000, 0x00000000d2100000| Untracked 
| 236|0x00000000d2200000, 0x00000000d2200000, 0x00000000d2300000|  0%| F|  |TAMS 0x00000000d2200000, 0x00000000d2200000| Untracked 
| 237|0x00000000d2300000, 0x00000000d2300000, 0x00000000d2400000|  0%| F|  |TAMS 0x00000000d2300000, 0x00000000d2300000| Untracked 
| 238|0x00000000d2400000, 0x00000000d2400000, 0x00000000d2500000|  0%| F|  |TAMS 0x00000000d2400000, 0x00000000d2400000| Untracked 
| 239|0x00000000d2500000, 0x00000000d2500000, 0x00000000d2600000|  0%| F|  |TAMS 0x00000000d2500000, 0x00000000d2500000| Untracked 
| 240|0x00000000d2600000, 0x00000000d2600000, 0x00000000d2700000|  0%| F|  |TAMS 0x00000000d2600000, 0x00000000d2600000| Untracked 
| 241|0x00000000d2700000, 0x00000000d2700000, 0x00000000d2800000|  0%| F|  |TAMS 0x00000000d2700000, 0x00000000d2700000| Untracked 
| 242|0x00000000d2800000, 0x00000000d2800000, 0x00000000d2900000|  0%| F|  |TAMS 0x00000000d2800000, 0x00000000d2800000| Untracked 
| 243|0x00000000d2900000, 0x00000000d2900000, 0x00000000d2a00000|  0%| F|  |TAMS 0x00000000d2900000, 0x00000000d2900000| Untracked 
| 244|0x00000000d2a00000, 0x00000000d2a00000, 0x00000000d2b00000|  0%| F|  |TAMS 0x00000000d2a00000, 0x00000000d2a00000| Untracked 
| 245|0x00000000d2b00000, 0x00000000d2b00000, 0x00000000d2c00000|  0%| F|  |TAMS 0x00000000d2b00000, 0x00000000d2b00000| Untracked 
| 246|0x00000000d2c00000, 0x00000000d2c00000, 0x00000000d2d00000|  0%| F|  |TAMS 0x00000000d2c00000, 0x00000000d2c00000| Untracked 
| 247|0x00000000d2d00000, 0x00000000d2d00000, 0x00000000d2e00000|  0%| F|  |TAMS 0x00000000d2d00000, 0x00000000d2d00000| Untracked 
| 248|0x00000000d2e00000, 0x00000000d2e00000, 0x00000000d2f00000|  0%| F|  |TAMS 0x00000000d2e00000, 0x00000000d2e00000| Untracked 
| 249|0x00000000d2f00000, 0x00000000d2f00000, 0x00000000d3000000|  0%| F|  |TAMS 0x00000000d2f00000, 0x00000000d2f00000| Untracked 
| 250|0x00000000d3000000, 0x00000000d3000000, 0x00000000d3100000|  0%| F|  |TAMS 0x00000000d3000000, 0x00000000d3000000| Untracked 
| 251|0x00000000d3100000, 0x00000000d3100000, 0x00000000d3200000|  0%| F|  |TAMS 0x00000000d3100000, 0x00000000d3100000| Untracked 
| 252|0x00000000d3200000, 0x00000000d3200000, 0x00000000d3300000|  0%| F|  |TAMS 0x00000000d3200000, 0x00000000d3200000| Untracked 
| 253|0x00000000d3300000, 0x00000000d3300000, 0x00000000d3400000|  0%| F|  |TAMS 0x00000000d3300000, 0x00000000d3300000| Untracked 
| 254|0x00000000d3400000, 0x00000000d3400000, 0x00000000d3500000|  0%| F|  |TAMS 0x00000000d3400000, 0x00000000d3400000| Untracked 
| 255|0x00000000d3500000, 0x00000000d3500000, 0x00000000d3600000|  0%| F|  |TAMS 0x00000000d3500000, 0x00000000d3500000| Untracked 
| 256|0x00000000d3600000, 0x00000000d3600000, 0x00000000d3700000|  0%| F|  |TAMS 0x00000000d3600000, 0x00000000d3600000| Untracked 
| 257|0x00000000d3700000, 0x00000000d3700000, 0x00000000d3800000|  0%| F|  |TAMS 0x00000000d3700000, 0x00000000d3700000| Untracked 
| 258|0x00000000d3800000, 0x00000000d3800000, 0x00000000d3900000|  0%| F|  |TAMS 0x00000000d3800000, 0x00000000d3800000| Untracked 
| 259|0x00000000d3900000, 0x00000000d3900000, 0x00000000d3a00000|  0%| F|  |TAMS 0x00000000d3900000, 0x00000000d3900000| Untracked 
| 260|0x00000000d3a00000, 0x00000000d3a00000, 0x00000000d3b00000|  0%| F|  |TAMS 0x00000000d3a00000, 0x00000000d3a00000| Untracked 
| 261|0x00000000d3b00000, 0x00000000d3b00000, 0x00000000d3c00000|  0%| F|  |TAMS 0x00000000d3b00000, 0x00000000d3b00000| Untracked 
| 262|0x00000000d3c00000, 0x00000000d3c00000, 0x00000000d3d00000|  0%| F|  |TAMS 0x00000000d3c00000, 0x00000000d3c00000| Untracked 
| 263|0x00000000d3d00000, 0x00000000d3d00000, 0x00000000d3e00000|  0%| F|  |TAMS 0x00000000d3d00000, 0x00000000d3d00000| Untracked 
| 264|0x00000000d3e00000, 0x00000000d3e00000, 0x00000000d3f00000|  0%| F|  |TAMS 0x00000000d3e00000, 0x00000000d3e00000| Untracked 
| 265|0x00000000d3f00000, 0x00000000d3f00000, 0x00000000d4000000|  0%| F|  |TAMS 0x00000000d3f00000, 0x00000000d3f00000| Untracked 
| 266|0x00000000d4000000, 0x00000000d4000000, 0x00000000d4100000|  0%| F|  |TAMS 0x00000000d4000000, 0x00000000d4000000| Untracked 
| 267|0x00000000d4100000, 0x00000000d4100000, 0x00000000d4200000|  0%| F|  |TAMS 0x00000000d4100000, 0x00000000d4100000| Untracked 
| 268|0x00000000d4200000, 0x00000000d4200000, 0x00000000d4300000|  0%| F|  |TAMS 0x00000000d4200000, 0x00000000d4200000| Untracked 
| 269|0x00000000d4300000, 0x00000000d4300000, 0x00000000d4400000|  0%| F|  |TAMS 0x00000000d4300000, 0x00000000d4300000| Untracked 
| 270|0x00000000d4400000, 0x00000000d4400000, 0x00000000d4500000|  0%| F|  |TAMS 0x00000000d4400000, 0x00000000d4400000| Untracked 
| 271|0x00000000d4500000, 0x00000000d4500000, 0x00000000d4600000|  0%| F|  |TAMS 0x00000000d4500000, 0x00000000d4500000| Untracked 
| 272|0x00000000d4600000, 0x00000000d4600000, 0x00000000d4700000|  0%| F|  |TAMS 0x00000000d4600000, 0x00000000d4600000| Untracked 
| 273|0x00000000d4700000, 0x00000000d4700000, 0x00000000d4800000|  0%| F|  |TAMS 0x00000000d4700000, 0x00000000d4700000| Untracked 
| 274|0x00000000d4800000, 0x00000000d4800000, 0x00000000d4900000|  0%| F|  |TAMS 0x00000000d4800000, 0x00000000d4800000| Untracked 
| 275|0x00000000d4900000, 0x00000000d4900000, 0x00000000d4a00000|  0%| F|  |TAMS 0x00000000d4900000, 0x00000000d4900000| Untracked 
| 276|0x00000000d4a00000, 0x00000000d4a00000, 0x00000000d4b00000|  0%| F|  |TAMS 0x00000000d4a00000, 0x00000000d4a00000| Untracked 
| 277|0x00000000d4b00000, 0x00000000d4b00000, 0x00000000d4c00000|  0%| F|  |TAMS 0x00000000d4b00000, 0x00000000d4b00000| Untracked 
| 278|0x00000000d4c00000, 0x00000000d4c00000, 0x00000000d4d00000|  0%| F|  |TAMS 0x00000000d4c00000, 0x00000000d4c00000| Untracked 
| 279|0x00000000d4d00000, 0x00000000d4d00000, 0x00000000d4e00000|  0%| F|  |TAMS 0x00000000d4d00000, 0x00000000d4d00000| Untracked 
| 280|0x00000000d4e00000, 0x00000000d4f00000, 0x00000000d4f00000|100%| S|CS|TAMS 0x00000000d4e00000, 0x00000000d4e00000| Complete 
| 281|0x00000000d4f00000, 0x00000000d5000000, 0x00000000d5000000|100%| S|CS|TAMS 0x00000000d4f00000, 0x00000000d4f00000| Complete 
| 282|0x00000000d5000000, 0x00000000d5100000, 0x00000000d5100000|100%| S|CS|TAMS 0x00000000d5000000, 0x00000000d5000000| Complete 
| 283|0x00000000d5100000, 0x00000000d5200000, 0x00000000d5200000|100%| S|CS|TAMS 0x00000000d5100000, 0x00000000d5100000| Complete 
| 284|0x00000000d5200000, 0x00000000d5200000, 0x00000000d5300000|  0%| F|  |TAMS 0x00000000d5200000, 0x00000000d5200000| Untracked 
| 285|0x00000000d5300000, 0x00000000d5300000, 0x00000000d5400000|  0%| F|  |TAMS 0x00000000d5300000, 0x00000000d5300000| Untracked 
| 286|0x00000000d5400000, 0x00000000d5400000, 0x00000000d5500000|  0%| F|  |TAMS 0x00000000d5400000, 0x00000000d5400000| Untracked 
| 287|0x00000000d5500000, 0x00000000d5500000, 0x00000000d5600000|  0%| F|  |TAMS 0x00000000d5500000, 0x00000000d5500000| Untracked 
| 288|0x00000000d5600000, 0x00000000d5600000, 0x00000000d5700000|  0%| F|  |TAMS 0x00000000d5600000, 0x00000000d5600000| Untracked 
| 289|0x00000000d5700000, 0x00000000d5700000, 0x00000000d5800000|  0%| F|  |TAMS 0x00000000d5700000, 0x00000000d5700000| Untracked 
| 290|0x00000000d5800000, 0x00000000d5800000, 0x00000000d5900000|  0%| F|  |TAMS 0x00000000d5800000, 0x00000000d5800000| Untracked 
| 291|0x00000000d5900000, 0x00000000d5900000, 0x00000000d5a00000|  0%| F|  |TAMS 0x00000000d5900000, 0x00000000d5900000| Untracked 
| 292|0x00000000d5a00000, 0x00000000d5a00000, 0x00000000d5b00000|  0%| F|  |TAMS 0x00000000d5a00000, 0x00000000d5a00000| Untracked 
| 293|0x00000000d5b00000, 0x00000000d5b00000, 0x00000000d5c00000|  0%| F|  |TAMS 0x00000000d5b00000, 0x00000000d5b00000| Untracked 
| 294|0x00000000d5c00000, 0x00000000d5c00000, 0x00000000d5d00000|  0%| F|  |TAMS 0x00000000d5c00000, 0x00000000d5c00000| Untracked 
| 295|0x00000000d5d00000, 0x00000000d5d00000, 0x00000000d5e00000|  0%| F|  |TAMS 0x00000000d5d00000, 0x00000000d5d00000| Untracked 
| 296|0x00000000d5e00000, 0x00000000d5e00000, 0x00000000d5f00000|  0%| F|  |TAMS 0x00000000d5e00000, 0x00000000d5e00000| Untracked 
| 297|0x00000000d5f00000, 0x00000000d5f00000, 0x00000000d6000000|  0%| F|  |TAMS 0x00000000d5f00000, 0x00000000d5f00000| Untracked 
| 298|0x00000000d6000000, 0x00000000d6000000, 0x00000000d6100000|  0%| F|  |TAMS 0x00000000d6000000, 0x00000000d6000000| Untracked 
| 299|0x00000000d6100000, 0x00000000d6100000, 0x00000000d6200000|  0%| F|  |TAMS 0x00000000d6100000, 0x00000000d6100000| Untracked 
| 300|0x00000000d6200000, 0x00000000d6200000, 0x00000000d6300000|  0%| F|  |TAMS 0x00000000d6200000, 0x00000000d6200000| Untracked 
| 301|0x00000000d6300000, 0x00000000d6300000, 0x00000000d6400000|  0%| F|  |TAMS 0x00000000d6300000, 0x00000000d6300000| Untracked 
| 302|0x00000000d6400000, 0x00000000d6400000, 0x00000000d6500000|  0%| F|  |TAMS 0x00000000d6400000, 0x00000000d6400000| Untracked 
| 303|0x00000000d6500000, 0x00000000d6500000, 0x00000000d6600000|  0%| F|  |TAMS 0x00000000d6500000, 0x00000000d6500000| Untracked 
| 304|0x00000000d6600000, 0x00000000d6600000, 0x00000000d6700000|  0%| F|  |TAMS 0x00000000d6600000, 0x00000000d6600000| Untracked 
| 305|0x00000000d6700000, 0x00000000d6717098, 0x00000000d6800000|  8%| E|  |TAMS 0x00000000d6700000, 0x00000000d6700000| Complete 
| 306|0x00000000d6800000, 0x00000000d6900000, 0x00000000d6900000|100%| E|CS|TAMS 0x00000000d6800000, 0x00000000d6800000| Complete 
| 307|0x00000000d6900000, 0x00000000d6a00000, 0x00000000d6a00000|100%| E|CS|TAMS 0x00000000d6900000, 0x00000000d6900000| Complete 
| 308|0x00000000d6a00000, 0x00000000d6b00000, 0x00000000d6b00000|100%| E|CS|TAMS 0x00000000d6a00000, 0x00000000d6a00000| Complete 
| 309|0x00000000d6b00000, 0x00000000d6c00000, 0x00000000d6c00000|100%| E|  |TAMS 0x00000000d6b00000, 0x00000000d6b00000| Complete 
| 310|0x00000000d6c00000, 0x00000000d6d00000, 0x00000000d6d00000|100%| E|CS|TAMS 0x00000000d6c00000, 0x00000000d6c00000| Complete 
| 311|0x00000000d6d00000, 0x00000000d6e00000, 0x00000000d6e00000|100%| E|CS|TAMS 0x00000000d6d00000, 0x00000000d6d00000| Complete 

Card table byte_map: [0x0000022c525c0000,0x0000022c527b0000] _byte_map_base: 0x0000022c51fa5000

Marking Bits (Prev, Next): (CMBitMap*) 0x0000022c52815020, (CMBitMap*) 0x0000022c52814fe8
 Prev Bits: [0x0000022c6b060000, 0x0000022c6bf88000)
 Next Bits: [0x0000022c6a130000, 0x0000022c6b058000)

Polling page: 0x0000022c50620000

Metaspace:

Usage:
  Non-class:     43.21 MB capacity,    42.81 MB (>99%) used,   338.73 KB ( <1%) free+waste,    74.56 KB ( <1%) overhead. 
      Class:      6.27 MB capacity,     6.07 MB ( 97%) used,   171.64 KB (  3%) free+waste,    31.13 KB ( <1%) overhead. 
       Both:     49.48 MB capacity,    48.88 MB ( 99%) used,   510.37 KB (  1%) free+waste,   105.69 KB ( <1%) overhead. 

Virtual space:
  Non-class space:       44.00 MB reserved,      43.25 MB ( 98%) committed 
      Class space:        1.00 GB reserved,       6.38 MB ( <1%) committed 
             Both:        1.04 GB reserved,      49.63 MB (  5%) committed 

Chunk freelists:
   Non-Class:  39.00 KB
       Class:  14.00 KB
        Both:  53.00 KB

MaxMetaspaceSize: 17179869184.00 GB
CompressedClassSpaceSize: 1.00 GB
Initial GC threshold: 20.80 MB
Current GC threshold: 71.46 MB
CDS: off

CodeHeap 'non-profiled nmethods': size=120064Kb used=3749Kb max_used=3749Kb free=116314Kb
 bounds [0x0000022c62a00000, 0x0000022c62db0000, 0x0000022c69f40000]
CodeHeap 'profiled nmethods': size=120000Kb used=13993Kb max_used=13993Kb free=106006Kb
 bounds [0x0000022c5b4d0000, 0x0000022c5c280000, 0x0000022c62a00000]
CodeHeap 'non-nmethods': size=5696Kb used=1374Kb max_used=1413Kb free=4321Kb
 bounds [0x0000022c5af40000, 0x0000022c5b1b0000, 0x0000022c5b4d0000]
 total_blobs=6971 nmethods=6276 adapters=608
 compilation: enabled
              stopped_count=0, restarted_count=0
 full_count=0

Compilation events (20 events):
Event: 50.279 Thread 0x0000022c6eb9c800 nmethod 6208 0x0000022c5c23d690 code [0x0000022c5c23d860, 0x0000022c5c23dba8]
Event: 50.280 Thread 0x0000022c6eb9c800 6209       3       java.util.EnumMap::<init> (35 bytes)
Event: 50.280 Thread 0x0000022c6eb7e800 6211       4       java.lang.Long::formatUnsignedLong0 (47 bytes)
Event: 50.281 Thread 0x0000022c6eb9c800 nmethod 6209 0x0000022c5c23dd10 code [0x0000022c5c23df20, 0x0000022c5c23e528]
Event: 50.281 Thread 0x0000022c6eb9c800 6210       3       java.util.EnumMap::getKeyUniverse (10 bytes)
Event: 50.281 Thread 0x0000022c6eb9c800 nmethod 6210 0x0000022c5c23e790 code [0x0000022c5c23e960, 0x0000022c5c23ec68]
Event: 50.284 Thread 0x0000022c6eb7e800 nmethod 6211 0x0000022c62da4e10 code [0x0000022c62da4fa0, 0x0000022c62da5238]
Event: 50.288 Thread 0x0000022c6eb7e800 6212       4       net.minecraft.server.v1_12_R1.Entity::a (173 bytes)
Event: 50.288 Thread 0x0000022c6eb9c800 6213       3       net.minecraft.server.v1_12_R1.DataConverterManager::b (77 bytes)
Event: 50.289 Thread 0x0000022c6eb9c800 nmethod 6213 0x0000022c5c23ee10 code [0x0000022c5c23f040, 0x0000022c5c23f868]
Event: 50.289 Thread 0x0000022c6eb9c800 6214       3       net.minecraft.server.v1_12_R1.DataConverterManager::c (64 bytes)
Event: 50.289 Thread 0x0000022c6eb9c800 nmethod 6214 0x0000022c5c23fa90 code [0x0000022c5c23fca0, 0x0000022c5c2403d8]
Event: 50.289 Thread 0x0000022c6eb9c800 6215       3       net.minecraft.server.v1_12_R1.Entity::a (1 bytes)
Event: 50.290 Thread 0x0000022c6eb9c800 nmethod 6215 0x0000022c5c240610 code [0x0000022c5c2407c0, 0x0000022c5c2408b8]
Event: 50.291 Thread 0x0000022c6eb9c800 6216       3       org.bukkit.craftbukkit.v1_12_R1.util.UnsafeList::growIfNeeded (43 bytes)
Event: 50.291 Thread 0x0000022c6eb9c800 nmethod 6216 0x0000022c5c240990 code [0x0000022c5c240b60, 0x0000022c5c240e48]
Event: 50.293 Thread 0x0000022c6eb7e800 nmethod 6212 0x0000022c62da5410 code [0x0000022c62da5640, 0x0000022c62da5f58]
Event: 50.294 Thread 0x0000022c6eb7e800 6217   !   4       net.minecraft.server.v1_12_R1.NBTTagCompound::getString (35 bytes)
Event: 50.299 Thread 0x0000022c6eb9c800 6218       3       java.lang.Class::arrayContentsEq (70 bytes)
Event: 50.299 Thread 0x0000022c6eb9c800 nmethod 6218 0x0000022c5c240f10 code [0x0000022c5c2410e0, 0x0000022c5c2414d8]

GC Heap History (20 events):
Event: 27.173 GC heap before
{Heap before GC invocations=47 (full 0):
 garbage-first heap   total 110592K, used 90572K [0x00000000c3600000, 0x0000000100000000)
  region size 1024K, 9 young (9216K), 2 survivors (2048K)
 Metaspace       used 43258K, capacity 43825K, committed 43904K, reserved 1087488K
  class space    used 5494K, capacity 5688K, committed 5760K, reserved 1048576K
}
Event: 27.176 GC heap after
{Heap after GC invocations=48 (full 0):
 garbage-first heap   total 133120K, used 85908K [0x00000000c3600000, 0x0000000100000000)
  region size 1024K, 2 young (2048K), 2 survivors (2048K)
 Metaspace       used 43258K, capacity 43825K, committed 43904K, reserved 1087488K
  class space    used 5494K, capacity 5688K, committed 5760K, reserved 1048576K
}
Event: 27.296 GC heap before
{Heap before GC invocations=48 (full 0):
 garbage-first heap   total 133120K, used 99220K [0x00000000c3600000, 0x0000000100000000)
  region size 1024K, 15 young (15360K), 2 survivors (2048K)
 Metaspace       used 43258K, capacity 43825K, committed 43904K, reserved 1087488K
  class space    used 5494K, capacity 5688K, committed 5760K, reserved 1048576K
}
Event: 27.299 GC heap after
{Heap after GC invocations=49 (full 0):
 garbage-first heap   total 133120K, used 89948K [0x00000000c3600000, 0x0000000100000000)
  region size 1024K, 2 young (2048K), 2 survivors (2048K)
 Metaspace       used 43258K, capacity 43825K, committed 43904K, reserved 1087488K
  class space    used 5494K, capacity 5688K, committed 5760K, reserved 1048576K
}
Event: 27.448 GC heap before
{Heap before GC invocations=49 (full 0):
 garbage-first heap   total 133120K, used 102236K [0x00000000c3600000, 0x0000000100000000)
  region size 1024K, 14 young (14336K), 2 survivors (2048K)
 Metaspace       used 43260K, capacity 43825K, committed 43904K, reserved 1087488K
  class space    used 5494K, capacity 5688K, committed 5760K, reserved 1048576K
}
Event: 27.451 GC heap after
{Heap after GC invocations=50 (full 0):
 garbage-first heap   total 133120K, used 93839K [0x00000000c3600000, 0x0000000100000000)
  region size 1024K, 2 young (2048K), 2 survivors (2048K)
 Metaspace       used 43260K, capacity 43825K, committed 43904K, reserved 1087488K
  class space    used 5494K, capacity 5688K, committed 5760K, reserved 1048576K
}
Event: 27.567 GC heap before
{Heap before GC invocations=50 (full 0):
 garbage-first heap   total 133120K, used 105103K [0x00000000c3600000, 0x0000000100000000)
  region size 1024K, 13 young (13312K), 2 survivors (2048K)
 Metaspace       used 43262K, capacity 43825K, committed 43904K, reserved 1087488K
  class space    used 5494K, capacity 5688K, committed 5760K, reserved 1048576K
}
Event: 27.570 GC heap after
{Heap after GC invocations=51 (full 0):
 garbage-first heap   total 133120K, used 97627K [0x00000000c3600000, 0x0000000100000000)
  region size 1024K, 2 young (2048K), 2 survivors (2048K)
 Metaspace       used 43262K, capacity 43825K, committed 43904K, reserved 1087488K
  class space    used 5494K, capacity 5688K, committed 5760K, reserved 1048576K
}
Event: 27.684 GC heap before
{Heap before GC invocations=51 (full 0):
 garbage-first heap   total 133120K, used 107867K [0x00000000c3600000, 0x0000000100000000)
  region size 1024K, 12 young (12288K), 2 survivors (2048K)
 Metaspace       used 43741K, capacity 44282K, committed 44416K, reserved 1087488K
  class space    used 5568K, capacity 5754K, committed 5760K, reserved 1048576K
}
Event: 27.691 GC heap after
{Heap after GC invocations=52 (full 0):
 garbage-first heap   total 159744K, used 100352K [0x00000000c3600000, 0x0000000100000000)
  region size 1024K, 2 young (2048K), 2 survivors (2048K)
 Metaspace       used 43741K, capacity 44282K, committed 44416K, reserved 1087488K
  class space    used 5568K, capacity 5754K, committed 5760K, reserved 1048576K
}
Event: 28.202 GC heap before
{Heap before GC invocations=52 (full 0):
 garbage-first heap   total 159744K, used 118784K [0x00000000c3600000, 0x0000000100000000)
  region size 1024K, 19 young (19456K), 2 survivors (2048K)
 Metaspace       used 45732K, capacity 46244K, committed 46464K, reserved 1089536K
  class space    used 5807K, capacity 5990K, committed 6016K, reserved 1048576K
}
Event: 28.207 GC heap after
{Heap after GC invocations=53 (full 0):
 garbage-first heap   total 159744K, used 102277K [0x00000000c3600000, 0x0000000100000000)
  region size 1024K, 2 young (2048K), 2 survivors (2048K)
 Metaspace       used 45732K, capacity 46244K, committed 46464K, reserved 1089536K
  class space    used 5807K, capacity 5990K, committed 6016K, reserved 1048576K
}
Event: 29.669 GC heap before
{Heap before GC invocations=53 (full 0):
 garbage-first heap   total 159744K, used 119685K [0x00000000c3600000, 0x0000000100000000)
  region size 1024K, 19 young (19456K), 2 survivors (2048K)
 Metaspace       used 46998K, capacity 47632K, committed 47872K, reserved 1091584K
  class space    used 5893K, capacity 6092K, committed 6144K, reserved 1048576K
}
Event: 29.686 GC heap after
{Heap after GC invocations=54 (full 0):
 garbage-first heap   total 159744K, used 104380K [0x00000000c3600000, 0x0000000100000000)
  region size 1024K, 3 young (3072K), 3 survivors (3072K)
 Metaspace       used 46998K, capacity 47632K, committed 47872K, reserved 1091584K
  class space    used 5893K, capacity 6092K, committed 6144K, reserved 1048576K
}
Event: 33.265 GC heap before
{Heap before GC invocations=54 (full 0):
 garbage-first heap   total 159744K, used 120764K [0x00000000c3600000, 0x0000000100000000)
  region size 1024K, 20 young (20480K), 3 survivors (3072K)
 Metaspace       used 47229K, capacity 47824K, committed 48128K, reserved 1091584K
  class space    used 5895K, capacity 6092K, committed 6144K, reserved 1048576K
}
Event: 33.270 GC heap after
{Heap after GC invocations=55 (full 0):
 garbage-first heap   total 159744K, used 104587K [0x00000000c3600000, 0x0000000100000000)
  region size 1024K, 1 young (1024K), 1 survivors (1024K)
 Metaspace       used 47229K, capacity 47824K, committed 48128K, reserved 1091584K
  class space    used 5895K, capacity 6092K, committed 6144K, reserved 1048576K
}
Event: 43.893 GC heap before
{Heap before GC invocations=55 (full 0):
 garbage-first heap   total 159744K, used 121995K [0x00000000c3600000, 0x0000000100000000)
  region size 1024K, 19 young (19456K), 1 survivors (1024K)
 Metaspace       used 47480K, capacity 48084K, committed 48384K, reserved 1091584K
  class space    used 5899K, capacity 6093K, committed 6144K, reserved 1048576K
}
Event: 44.625 GC heap after
{Heap after GC invocations=56 (full 0):
 garbage-first heap   total 159744K, used 114346K [0x00000000c3600000, 0x0000000100000000)
  region size 1024K, 3 young (3072K), 3 survivors (3072K)
 Metaspace       used 47480K, capacity 48084K, committed 48384K, reserved 1091584K
  class space    used 5899K, capacity 6093K, committed 6144K, reserved 1048576K
}
Event: 47.506 GC heap before
{Heap before GC invocations=56 (full 0):
 garbage-first heap   total 159744K, used 128682K [0x00000000c3600000, 0x0000000100000000)
  region size 1024K, 17 young (17408K), 3 survivors (3072K)
 Metaspace       used 48972K, capacity 49588K, committed 49920K, reserved 1093632K
  class space    used 6125K, capacity 6317K, committed 6400K, reserved 1048576K
}
Event: 47.516 GC heap after
{Heap after GC invocations=57 (full 0):
 garbage-first heap   total 319488K, used 121344K [0x00000000c3600000, 0x0000000100000000)
  region size 1024K, 3 young (3072K), 3 survivors (3072K)
 Metaspace       used 48972K, capacity 49588K, committed 49920K, reserved 1093632K
  class space    used 6125K, capacity 6317K, committed 6400K, reserved 1048576K
}

Deoptimization events (20 events):
Event: 49.434 Thread 0x0000022c72206800 Uncommon trap: trap_request=0xffffffde fr.pc=0x0000022c62d94744 relative=0x00000000000001e4
Event: 49.434 Thread 0x0000022c72206800 Uncommon trap: reason=class_check action=maybe_recompile pc=0x0000022c62d94744 method=net.minecraft.server.v1_12_R1.PacketDataSerializer.writeLong(J)Lio/netty/buffer/ByteBuf; @ 5 c2
Event: 49.434 Thread 0x0000022c72206800 DEOPT PACKING pc=0x0000022c62d94744 sp=0x000000cba07fe900
Event: 49.434 Thread 0x0000022c72206800 DEOPT UNPACKING pc=0x0000022c5af8a1a9 sp=0x000000cba07fe8b0 mode 2
Event: 49.436 Thread 0x0000022c7122e000 Uncommon trap: trap_request=0xffffffde fr.pc=0x0000022c62d2a928 relative=0x0000000000000088
Event: 49.436 Thread 0x0000022c7122e000 Uncommon trap: reason=class_check action=maybe_recompile pc=0x0000022c62d2a928 method=net.minecraft.server.v1_12_R1.NonNullList.get(I)Ljava/lang/Object; @ 5 c2
Event: 49.436 Thread 0x0000022c7122e000 DEOPT PACKING pc=0x0000022c62d2a928 sp=0x000000cb9fbfebd0
Event: 49.436 Thread 0x0000022c7122e000 DEOPT UNPACKING pc=0x0000022c5af8a1a9 sp=0x000000cb9fbfeb68 mode 2
Event: 49.826 Thread 0x0000022c7122e000 Uncommon trap: trap_request=0xffffffde fr.pc=0x0000022c62d2a928 relative=0x0000000000000088
Event: 49.826 Thread 0x0000022c7122e000 Uncommon trap: reason=class_check action=maybe_recompile pc=0x0000022c62d2a928 method=net.minecraft.server.v1_12_R1.NonNullList.get(I)Ljava/lang/Object; @ 5 c2
Event: 49.826 Thread 0x0000022c7122e000 DEOPT PACKING pc=0x0000022c62d2a928 sp=0x000000cb9fbfebd0
Event: 49.826 Thread 0x0000022c7122e000 DEOPT UNPACKING pc=0x0000022c5af8a1a9 sp=0x000000cb9fbfeb68 mode 2
Event: 49.826 Thread 0x0000022c7122e000 Uncommon trap: trap_request=0xffffffde fr.pc=0x0000022c62d2a928 relative=0x0000000000000088
Event: 49.826 Thread 0x0000022c7122e000 Uncommon trap: reason=class_check action=maybe_recompile pc=0x0000022c62d2a928 method=net.minecraft.server.v1_12_R1.NonNullList.get(I)Ljava/lang/Object; @ 5 c2
Event: 49.826 Thread 0x0000022c7122e000 DEOPT PACKING pc=0x0000022c62d2a928 sp=0x000000cb9fbfebd0
Event: 49.826 Thread 0x0000022c7122e000 DEOPT UNPACKING pc=0x0000022c5af8a1a9 sp=0x000000cb9fbfeb68 mode 2
Event: 49.826 Thread 0x0000022c7122e000 Uncommon trap: trap_request=0xffffffde fr.pc=0x0000022c62d2a928 relative=0x0000000000000088
Event: 49.826 Thread 0x0000022c7122e000 Uncommon trap: reason=class_check action=maybe_recompile pc=0x0000022c62d2a928 method=net.minecraft.server.v1_12_R1.NonNullList.get(I)Ljava/lang/Object; @ 5 c2
Event: 49.826 Thread 0x0000022c7122e000 DEOPT PACKING pc=0x0000022c62d2a928 sp=0x000000cb9fbfebd0
Event: 49.826 Thread 0x0000022c7122e000 DEOPT UNPACKING pc=0x0000022c5af8a1a9 sp=0x000000cb9fbfeb68 mode 2

Classes redefined (0 events):
No events

Internal exceptions (20 events):
Event: 22.802 Thread 0x0000022c7122e000 Exception <a 'java/security/PrivilegedActionException'{0x00000000c6940ce8}> (0x00000000c6940ce8) thrown at [./src/hotspot/share/prims/jvm.cpp, line 1306]
Event: 22.802 Thread 0x0000022c7122e000 Exception <a 'java/security/PrivilegedActionException'{0x00000000c69417d8}> (0x00000000c69417d8) thrown at [./src/hotspot/share/prims/jvm.cpp, line 1306]
Event: 22.802 Thread 0x0000022c7122e000 Exception <a 'java/security/PrivilegedActionException'{0x00000000c6941aa8}> (0x00000000c6941aa8) thrown at [./src/hotspot/share/prims/jvm.cpp, line 1306]
Event: 22.802 Thread 0x0000022c7122e000 Exception <a 'java/security/PrivilegedActionException'{0x00000000c69424e8}> (0x00000000c69424e8) thrown at [./src/hotspot/share/prims/jvm.cpp, line 1306]
Event: 22.802 Thread 0x0000022c7122e000 Exception <a 'java/security/PrivilegedActionException'{0x00000000c69427b8}> (0x00000000c69427b8) thrown at [./src/hotspot/share/prims/jvm.cpp, line 1306]
Event: 22.802 Thread 0x0000022c7122e000 Exception <a 'java/security/PrivilegedActionException'{0x00000000c6943280}> (0x00000000c6943280) thrown at [./src/hotspot/share/prims/jvm.cpp, line 1306]
Event: 22.802 Thread 0x0000022c7122e000 Exception <a 'java/security/PrivilegedActionException'{0x00000000c6943550}> (0x00000000c6943550) thrown at [./src/hotspot/share/prims/jvm.cpp, line 1306]
Event: 23.249 Thread 0x0000022c7122e000 Implicit null exception at 0x0000022c62ae78ac to 0x0000022c62ae79ce
Event: 28.060 Thread 0x0000022c7122e000 Exception <a 'java/lang/NoClassDefFoundError'{0x00000000cc42aab0}: ru/tehkode/permissions/PermissionManager> (0x00000000cc42aab0) thrown at [./src/hotspot/share/classfile/systemDictionary.cpp, line 219]
Event: 28.060 Thread 0x0000022c7122e000 Exception <a 'java/lang/NoClassDefFoundError'{0x00000000cc42e8f0}: org/anjocaido/groupmanager/dataholder/worlds/WorldsHolder> (0x00000000cc42e8f0) thrown at [./src/hotspot/share/classfile/systemDictionary.cpp, line 219]
Event: 28.194 Thread 0x0000022c7122e000 Exception <a 'java/lang/NoClassDefFoundError'{0x00000000cc1748e8}: net/minecraft/server/v1_6_R3/NBTBase> (0x00000000cc1748e8) thrown at [./src/hotspot/share/classfile/systemDictionary.cpp, line 219]
Event: 28.194 Thread 0x0000022c7122e000 Exception <a 'java/lang/NoClassDefFoundError'{0x00000000cc1837d0}: net/minecraft/server/v1_7_R2/NBTBase> (0x00000000cc1837d0) thrown at [./src/hotspot/share/classfile/systemDictionary.cpp, line 219]
Event: 28.195 Thread 0x0000022c7122e000 Exception <a 'java/lang/NoClassDefFoundError'{0x00000000cc1926b8}: net/minecraft/server/v1_7_R3/NBTBase> (0x00000000cc1926b8) thrown at [./src/hotspot/share/classfile/systemDictionary.cpp, line 219]
Event: 28.196 Thread 0x0000022c7122e000 Exception <a 'java/lang/NoClassDefFoundError'{0x00000000cc1a15b8}: net/minecraft/server/v1_7_R4/NBTBase> (0x00000000cc1a15b8) thrown at [./src/hotspot/share/classfile/systemDictionary.cpp, line 219]
Event: 28.197 Thread 0x0000022c7122e000 Exception <a 'java/lang/NoClassDefFoundError'{0x00000000cc1b14e0}: net/minecraft/server/v1_10_R1/NBTBase> (0x00000000cc1b14e0) thrown at [./src/hotspot/share/classfile/systemDictionary.cpp, line 219]
Event: 28.198 Thread 0x0000022c7122e000 Exception <a 'java/lang/NoClassDefFoundError'{0x00000000cc1c0528}: net/minecraft/server/v1_11_R1/NBTBase> (0x00000000cc1c0528) thrown at [./src/hotspot/share/classfile/systemDictionary.cpp, line 219]
Event: 28.210 Thread 0x0000022c7122e000 Exception <a 'java/lang/reflect/InvocationTargetException'{0x00000000cd111418}> (0x00000000cd111418) thrown at [./src/hotspot/share/runtime/reflection.cpp, line 1247]
Event: 28.210 Thread 0x0000022c7122e000 Exception <a 'java/lang/NoSuchMethodException'{0x00000000cd110e80}> (0x00000000cd110e80) thrown at [./src/hotspot/share/prims/jni.cpp, line 617]
Event: 28.719 Thread 0x0000022c7122e000 Implicit null exception at 0x0000022c62c3e755 to 0x0000022c62c3eacc
Event: 33.619 Thread 0x0000022c70a96800 Exception <a 'java/net/UnknownHostException'{0x00000000cd0c6f38}> (0x00000000cd0c6f38) thrown at [./src/hotspot/share/prims/jni.cpp, line 617]

Events (20 events):
Event: 48.377 loading class net/minecraft/server/v1_12_R1/PlayerChunk$1
Event: 48.377 loading class net/minecraft/server/v1_12_R1/PlayerChunk$1 done
Event: 48.383 Thread 0x0000022c72204000 Thread added: 0x0000022c72204000
Event: 48.687 Executing VM operation: RevokeBias
Event: 48.710 Executing VM operation: RevokeBias done
Event: 49.393 loading class org/bukkit/event/player/PlayerTeleportEvent$TeleportCause
Event: 49.393 loading class org/bukkit/event/player/PlayerTeleportEvent$TeleportCause done
Event: 49.398 loading class net/minecraft/server/v1_12_R1/PacketPlayOutPosition$EnumPlayerTeleportFlags
Event: 49.398 loading class net/minecraft/server/v1_12_R1/PacketPlayOutPosition$EnumPlayerTeleportFlags done
Event: 49.881 loading class org/bukkit/craftbukkit/v1_12_R1/inventory/CraftInventoryCrafting
Event: 49.881 loading class org/bukkit/craftbukkit/v1_12_R1/inventory/CraftInventoryCrafting done
Event: 50.107 loading class net/minecraft/server/v1_12_R1/PathfinderGoalNearestAttackableTarget$DistanceComparator
Event: 50.107 loading class net/minecraft/server/v1_12_R1/PathfinderGoalNearestAttackableTarget$DistanceComparator done
Event: 50.158 loading class net/minecraft/server/v1_12_R1/PathfinderGoalNearestAttackableTarget$1
Event: 50.158 loading class net/minecraft/server/v1_12_R1/PathfinderGoalNearestAttackableTarget$1 done
Event: 50.193 loading class net/minecraft/server/v1_12_R1/PathfinderGoalAvoidTarget$1
Event: 50.193 loading class net/minecraft/server/v1_12_R1/PathfinderGoalAvoidTarget$1 done
Event: 50.222 Executing VM operation: RevokeBias
Event: 50.224 Executing VM operation: RevokeBias done
Event: 50.300 Executing VM operation: G1CollectForAllocation


Dynamic libraries:
0x00007ff7c0790000 - 0x00007ff7c079d000 	C:\Program Files\Microsoft\jdk-11.0.16.101-hotspot\bin\java.exe
0x00007ffe04a20000 - 0x00007ffe04c10000 	C:\Windows\SYSTEM32\ntdll.dll
0x00007ffe03a80000 - 0x00007ffe03b32000 	C:\Windows\System32\KERNEL32.DLL
0x00007ffe02380000 - 0x00007ffe02623000 	C:\Windows\System32\KERNELBASE.dll
0x00007ffe026e0000 - 0x00007ffe027da000 	C:\Windows\System32\ucrtbase.dll
0x00007ffde7290000 - 0x00007ffde72a5000 	C:\Program Files\Microsoft\jdk-11.0.16.101-hotspot\bin\VCRUNTIME140.dll
0x00007ffde6fe0000 - 0x00007ffde6ff7000 	C:\Program Files\Microsoft\jdk-11.0.16.101-hotspot\bin\jli.dll
0x00007ffe037a0000 - 0x00007ffe03934000 	C:\Windows\System32\USER32.dll
0x00007ffe02a70000 - 0x00007ffe02a91000 	C:\Windows\System32\win32u.dll
0x00007ffe03770000 - 0x00007ffe03796000 	C:\Windows\System32\GDI32.dll
0x00007ffe021e0000 - 0x00007ffe02374000 	C:\Windows\System32\gdi32full.dll
0x00007ffe02860000 - 0x00007ffe028fe000 	C:\Windows\System32\msvcp_win.dll
0x00007ffdf1c20000 - 0x00007ffdf1ea5000 	C:\Windows\WinSxS\amd64_microsoft.windows.common-controls_6595b64144ccf1df_6.0.18362.418_none_e6c6b287130d565d\COMCTL32.dll
0x00007ffe02c10000 - 0x00007ffe02cae000 	C:\Windows\System32\msvcrt.dll
0x00007ffe04510000 - 0x00007ffe04846000 	C:\Windows\System32\combase.dll
0x00007ffe042b0000 - 0x00007ffe043d0000 	C:\Windows\System32\RPCRT4.dll
0x00007ffe027e0000 - 0x00007ffe02860000 	C:\Windows\System32\bcryptPrimitives.dll
0x00007ffe04210000 - 0x00007ffe0423e000 	C:\Windows\System32\IMM32.DLL
0x00007ffdd7130000 - 0x00007ffdd71cb000 	C:\Program Files\Microsoft\jdk-11.0.16.101-hotspot\bin\msvcp140.dll
0x00007ffdbcc70000 - 0x00007ffdbd7fa000 	C:\Program Files\Microsoft\jdk-11.0.16.101-hotspot\bin\server\jvm.dll
0x00007ffe048d0000 - 0x00007ffe04973000 	C:\Windows\System32\ADVAPI32.dll
0x00007ffe03fb0000 - 0x00007ffe04047000 	C:\Windows\System32\sechost.dll
0x00007ffe02cb0000 - 0x00007ffe02cb8000 	C:\Windows\System32\PSAPI.DLL
0x00007ffdedf30000 - 0x00007ffdedf39000 	C:\Windows\SYSTEM32\WSOCK32.dll
0x00007ffdff330000 - 0x00007ffdff354000 	C:\Windows\SYSTEM32\WINMM.dll
0x00007ffe03a10000 - 0x00007ffe03a7f000 	C:\Windows\System32\WS2_32.dll
0x00007ffdfcb00000 - 0x00007ffdfcb0a000 	C:\Windows\SYSTEM32\VERSION.dll
0x00007ffdff300000 - 0x00007ffdff32d000 	C:\Windows\SYSTEM32\WINMMBASE.dll
0x00007ffe02690000 - 0x00007ffe026da000 	C:\Windows\System32\cfgmgr32.dll
0x00007ffe01900000 - 0x00007ffe01911000 	C:\Windows\System32\kernel.appcore.dll
0x00007ffdf0500000 - 0x00007ffdf0510000 	C:\Program Files\Microsoft\jdk-11.0.16.101-hotspot\bin\verify.dll
0x00007ffdd0260000 - 0x00007ffdd0454000 	C:\Windows\SYSTEM32\DBGHELP.DLL
0x00007ffdf0270000 - 0x00007ffdf029a000 	C:\Windows\SYSTEM32\dbgcore.DLL
0x00007ffddb680000 - 0x00007ffddb6a8000 	C:\Program Files\Microsoft\jdk-11.0.16.101-hotspot\bin\java.dll
0x00007ffdf02a0000 - 0x00007ffdf02aa000 	C:\Program Files\Microsoft\jdk-11.0.16.101-hotspot\bin\jimage.dll
0x00007ffde1b60000 - 0x00007ffde1b78000 	C:\Program Files\Microsoft\jdk-11.0.16.101-hotspot\bin\zip.dll
0x00007ffe02f50000 - 0x00007ffe03635000 	C:\Windows\System32\SHELL32.dll
0x00007ffe03640000 - 0x00007ffe036e9000 	C:\Windows\System32\shcore.dll
0x00007ffe019b0000 - 0x00007ffe0212f000 	C:\Windows\System32\windows.storage.dll
0x00007ffe01940000 - 0x00007ffe0195f000 	C:\Windows\System32\profapi.dll
0x00007ffe01960000 - 0x00007ffe019aa000 	C:\Windows\System32\powrprof.dll
0x00007ffe018f0000 - 0x00007ffe01900000 	C:\Windows\System32\UMPDC.dll
0x00007ffe04980000 - 0x00007ffe049d2000 	C:\Windows\System32\shlwapi.dll
0x00007ffe02a50000 - 0x00007ffe02a67000 	C:\Windows\System32\cryptsp.dll
0x00007ffdda4c0000 - 0x00007ffdda4d9000 	C:\Program Files\Microsoft\jdk-11.0.16.101-hotspot\bin\net.dll
0x00007ffdfccc0000 - 0x00007ffdfcdb0000 	C:\Windows\SYSTEM32\WINHTTP.dll
0x00007ffe01100000 - 0x00007ffe01167000 	C:\Windows\system32\mswsock.dll
0x00007ffdd79a0000 - 0x00007ffdd79b3000 	C:\Program Files\Microsoft\jdk-11.0.16.101-hotspot\bin\nio.dll
0x00007ffe00c70000 - 0x00007ffe00ca3000 	C:\Windows\system32\rsaenh.dll
0x00007ffe02aa0000 - 0x00007ffe02ac6000 	C:\Windows\System32\bcrypt.dll
0x00007ffe017e0000 - 0x00007ffe01805000 	C:\Windows\SYSTEM32\USERENV.dll
0x00007ffe012d0000 - 0x00007ffe012dc000 	C:\Windows\SYSTEM32\CRYPTBASE.dll
0x00007ffe00e10000 - 0x00007ffe00e4a000 	C:\Windows\SYSTEM32\IPHLPAPI.DLL
0x00007ffe04240000 - 0x00007ffe04248000 	C:\Windows\System32\NSI.dll
0x00007ffdfb820000 - 0x00007ffdfb836000 	C:\Windows\SYSTEM32\dhcpcsvc6.DLL
0x00007ffdfb800000 - 0x00007ffdfb81c000 	C:\Windows\SYSTEM32\dhcpcsvc.DLL
0x00007ffe00e50000 - 0x00007ffe00f1a000 	C:\Windows\SYSTEM32\DNSAPI.dll
0x00007ffdefdf0000 - 0x00007ffdefdfa000 	C:\Users\Admin\AppData\Local\Temp\jansi-64-git-Spigot-4bd94dc-fb414fe-15838814818415746308.dll
0x00007ffdedea0000 - 0x00007ffdedea9000 	C:\Program Files\Microsoft\jdk-11.0.16.101-hotspot\bin\management.dll
0x00007ffdebf30000 - 0x00007ffdebf3b000 	C:\Program Files\Microsoft\jdk-11.0.16.101-hotspot\bin\management_ext.dll
0x00007ffdd33e0000 - 0x00007ffdd33f6000 	C:\Windows\system32\napinsp.dll
0x00007ffdce8a0000 - 0x00007ffdce8ba000 	C:\Windows\system32\pnrpnsp.dll
0x00007ffdda4b0000 - 0x00007ffdda4be000 	C:\Windows\System32\winrnr.dll
0x00007ffdfe120000 - 0x00007ffdfe13c000 	C:\Windows\system32\NLAapi.dll
0x00007ffdde4f0000 - 0x00007ffdde505000 	C:\Windows\system32\wshbth.dll
0x00007ffdf6630000 - 0x00007ffdf663a000 	C:\Windows\System32\rasadhlp.dll
0x00007ffdfb3e0000 - 0x00007ffdfb457000 	C:\Windows\System32\fwpuclnt.dll

dbghelp: loaded successfully - version: 4.0.5 - missing functions: none
symbol engine: initialized successfully - sym options: 0x614 - pdb path: .;C:\Program Files\Microsoft\jdk-11.0.16.101-hotspot\bin;C:\Windows\SYSTEM32;C:\Windows\WinSxS\amd64_microsoft.windows.common-controls_6595b64144ccf1df_6.0.18362.418_none_e6c6b287130d565d;C:\Program Files\Microsoft\jdk-11.0.16.101-hotspot\bin\server;C:\Users\Admin\AppData\Local\Temp

VM Arguments:
java_command: spigot-1.12.2.jar
java_class_path (initial): spigot-1.12.2.jar
Launcher Type: SUN_STANDARD

[Global flags]
     intx CICompilerCount                          = 2                                         {product} {ergonomic}
     uint ConcGCThreads                            = 1                                         {product} {ergonomic}
     uint G1ConcRefinementThreads                  = 2                                         {product} {ergonomic}
   size_t G1HeapRegionSize                         = 1048576                                   {product} {ergonomic}
    uintx GCDrainStackTargetSize                   = 64                                        {product} {ergonomic}
   size_t InitialHeapSize                          = 65011712                                  {product} {ergonomic}
   size_t MarkStackSize                            = 4194304                                   {product} {ergonomic}
   size_t MaxHeapSize                              = 1017118720                                {product} {ergonomic}
   size_t MaxNewSize                               = 610271232                                 {product} {ergonomic}
   size_t MinHeapDeltaBytes                        = 1048576                                   {product} {ergonomic}
    uintx NonNMethodCodeHeapSize                   = 5825164                                {pd product} {ergonomic}
    uintx NonProfiledCodeHeapSize                  = 122916538                              {pd product} {ergonomic}
    uintx ProfiledCodeHeapSize                     = 122916538                              {pd product} {ergonomic}
    uintx ReservedCodeCacheSize                    = 251658240                              {pd product} {ergonomic}
     bool SegmentedCodeCache                       = true                                      {product} {ergonomic}
     bool UseCompressedClassPointers               = true                                 {lp64_product} {ergonomic}
     bool UseCompressedOops                        = true                                 {lp64_product} {ergonomic}
     bool UseG1GC                                  = true                                      {product} {ergonomic}
     bool UseLargePagesIndividualAllocation        = false                                  {pd product} {ergonomic}

Logging:
Log output configuration:
 #0: stdout all=warning uptime,level,tags
 #1: stderr all=off uptime,level,tags

Environment Variables:
PATH=E:\Scripts\;E:\;C:\Program Files\Microsoft\jdk-11.0.16.101-hotspot\bin;C:\Python311\Scripts\;C:\Python311\;C:\Windows\system32;C:\Windows;C:\Windows\System32\Wbem;C:\Windows\System32\WindowsPowerShell\v1.0\;C:\Windows\System32\OpenSSH\;C:\ProgramData\chocolatey\bin;C:\Program Files\dotnet\;C:\Program Files\nodejs\;C:\Users\Admin\AppData\Local\Programs\Python\Launcher\;C:\Users\Admin\AppData\Local\Microsoft\WindowsApps;C:\Users\Admin\AppData\Local\Programs\Microsoft VS Code\bin;C:\Users\Admin\AppData\Local\Programs\Python\Python312\Scripts;C:\Program Files\JetBrains\PyCharm 2023.3.2\bin;;C:\Users\Admin\AppData\Roaming\npm
USERNAME=Admin
OS=Windows_NT
PROCESSOR_IDENTIFIER=Intel64 Family 6 Model 165 Stepping 3, GenuineIntel
TMP=C:\Users\Admin\AppData\Local\Temp
TEMP=C:\Users\Admin\AppData\Local\Temp



---------------  S Y S T E M  ---------------

OS: Windows 10 , 64 bit Build 18362 (10.0.18362.329)
OS uptime: 0 days 0:25 hours

CPU:total 2 (initial active 2) (2 cores per cpu, 1 threads per core) family 6 model 165 stepping 3 microcode 0xea, cmov, cx8, fxsr, mmx, sse, sse2, sse3, ssse3, sse4.1, sse4.2, popcnt, aes, clmul, erms, 3dnowpref, lzcnt, tsc, tscinvbit

Memory: 4k page, system-wide physical 3877M (177M free)
TotalPageFile size 7258M (AvailPageFile size 6M)
current process WorkingSet (physical memory assigned to process): 265M, peak: 287M
current process commit charge ("private bytes"): 494M, peak: 496M

vm_info: OpenJDK 64-Bit Server VM (11.0.16.1+1-LTS) for windows-amd64 JRE (11.0.16.1+1-LTS), built on Aug 20 2022 20:09:04 by "" with MS VC++ 15.9 (VS2017)

END.
